生成启动时间为 2017/11/25 16:23:43。
     1>项目“D:\workdir\3_stream_media\live555\live.2017.10.28\live555_project\groupsock\groupsock.vcxproj”在节点 2 上(Build 个目标)。
     1>ClCompile:
         C:\Program Files (x86)\Microsoft Visual Studio 12.0\VC\bin\x86_amd64\CL.exe /c /I..\..\BasicUsageEnvironment\include /I..\..\groupsock\include /I..\..\liveMedia\include /I..\..\UsageEnvironment\include /Zi /nologo /W3 /WX- /O2 /Oi /GL /D WIN32 /D NDEBUG /D _LIB /D _CRT_SECURE_NO_WARNINGS /D _WINSOCK_DEPRECATED_NO_WARNINGS /D _UNICODE /D UNICODE /Gm- /EHsc /MD /GS /Gy /fp:precise /Zc:wchar_t /Zc:forScope /Fo"x64\Release\\" /Fd"x64\Release\vc120.pdb" /Gd /TP /errorReport:prompt ..\..\groupsock\GroupEId.cpp ..\..\groupsock\Groupsock.cpp ..\..\groupsock\GroupsockHelper.cpp ..\..\groupsock\IOHandlers.cpp ..\..\groupsock\NetAddress.cpp ..\..\groupsock\NetInterface.cpp
         GroupEId.cpp
         Groupsock.cpp
         GroupsockHelper.cpp
     1>..\..\groupsock\GroupsockHelper.cpp(89): warning C4244: “=”: 从“SOCKET”转换到“int”，可能丢失数据
     1>..\..\groupsock\GroupsockHelper.cpp(791): warning C4244: “=”: 从“time_t”转换到“long”，可能丢失数据
         IOHandlers.cpp
         NetAddress.cpp
         NetInterface.cpp
         C:\Program Files (x86)\Microsoft Visual Studio 12.0\VC\bin\x86_amd64\CL.exe /c /I..\..\BasicUsageEnvironment\include /I..\..\groupsock\include /I..\..\liveMedia\include /I..\..\UsageEnvironment\include /Zi /nologo /W3 /WX- /O2 /Oi /GL /D WIN32 /D NDEBUG /D _LIB /D _CRT_SECURE_NO_WARNINGS /D _WINSOCK_DEPRECATED_NO_WARNINGS /D _UNICODE /D UNICODE /Gm- /EHsc /MD /GS /Gy /fp:precise /Zc:wchar_t /Zc:forScope /Fo"x64\Release\\" /Fd"x64\Release\vc120.pdb" /Gd /TC /errorReport:prompt ..\..\groupsock\inet.c
         inet.c
     1>..\..\groupsock\inet.c(278): warning C4244: “=”: 从“__int64”转换到“long”，可能丢失数据
     1>..\..\groupsock\inet.c(313): warning C4244: “=”: 从“__int64”转换到“long”，可能丢失数据
     1>..\..\groupsock\inet.c(344): warning C4244: “=”: 从“__int64”转换到“long”，可能丢失数据
       Lib:
         C:\Program Files (x86)\Microsoft Visual Studio 12.0\VC\bin\x86_amd64\Lib.exe /OUT:"D:\workdir\3_stream_media\live555\live.2017.10.28\live555_project\x64\Release\groupsock.lib" /NOLOGO /MACHINE:X64 /LTCG x64\Release\GroupEId.obj
         x64\Release\Groupsock.obj
         x64\Release\GroupsockHelper.obj
         x64\Release\inet.obj
         x64\Release\IOHandlers.obj
         x64\Release\NetAddress.obj
         x64\Release\NetInterface.obj
         groupsock.vcxproj -> D:\workdir\3_stream_media\live555\live.2017.10.28\live555_project\x64\Release\groupsock.lib
     1>已完成生成项目“D:\workdir\3_stream_media\live555\live.2017.10.28\live555_project\groupsock\groupsock.vcxproj”(Build 个目标)的操作。

生成成功。

已用时间 00:00:08.63
