f:\workdir\3_stream_media\source_codes\live.2016.11.28\vs2013_live555\livemedia\x64\release\vc120.pdb
f:\workdir\3_stream_media\source_codes\live.2016.11.28\vs2013_live555\livemedia\x64\release\bytestreamfilesource.obj
f:\workdir\3_stream_media\source_codes\live.2016.11.28\vs2013_live555\livemedia\x64\release\bitvector.obj
f:\workdir\3_stream_media\source_codes\live.2016.11.28\vs2013_live555\livemedia\x64\release\basicudpsource.obj
f:\workdir\3_stream_media\source_codes\live.2016.11.28\vs2013_live555\livemedia\x64\release\basicudpsink.obj
f:\workdir\3_stream_media\source_codes\live.2016.11.28\vs2013_live555\livemedia\x64\release\base64.obj
f:\workdir\3_stream_media\source_codes\live.2016.11.28\vs2013_live555\livemedia\x64\release\avifilesink.obj
f:\workdir\3_stream_media\source_codes\live.2016.11.28\vs2013_live555\livemedia\x64\release\audiortpsink.obj
f:\workdir\3_stream_media\source_codes\live.2016.11.28\vs2013_live555\livemedia\x64\release\audioinputdevice.obj
f:\workdir\3_stream_media\source_codes\live.2016.11.28\vs2013_live555\livemedia\x64\release\amraudiosource.obj
f:\workdir\3_stream_media\source_codes\live.2016.11.28\vs2013_live555\livemedia\x64\release\amraudiortpsource.obj
f:\workdir\3_stream_media\source_codes\live.2016.11.28\vs2013_live555\livemedia\x64\release\amraudiortpsink.obj
f:\workdir\3_stream_media\source_codes\live.2016.11.28\vs2013_live555\livemedia\x64\release\amraudiofilesource.obj
f:\workdir\3_stream_media\source_codes\live.2016.11.28\vs2013_live555\livemedia\x64\release\amraudiofilesink.obj
f:\workdir\3_stream_media\source_codes\live.2016.11.28\vs2013_live555\livemedia\x64\release\amraudiofileservermediasubsession.obj
f:\workdir\3_stream_media\source_codes\live.2016.11.28\vs2013_live555\livemedia\x64\release\adtsaudiofilesource.obj
f:\workdir\3_stream_media\source_codes\live.2016.11.28\vs2013_live555\livemedia\x64\release\adtsaudiofileservermediasubsession.obj
f:\workdir\3_stream_media\source_codes\live.2016.11.28\vs2013_live555\livemedia\x64\release\ac3audiostreamframer.obj
f:\workdir\3_stream_media\source_codes\live.2016.11.28\vs2013_live555\livemedia\x64\release\ac3audiortpsource.obj
f:\workdir\3_stream_media\source_codes\live.2016.11.28\vs2013_live555\livemedia\x64\release\ac3audiortpsink.obj
f:\workdir\3_stream_media\source_codes\live.2016.11.28\vs2013_live555\livemedia\x64\release\ac3audiofileservermediasubsession.obj
f:\workdir\3_stream_media\source_codes\live.2016.11.28\vs2013_live555\livemedia\x64\release\h263plusvideortpsource.obj
f:\workdir\3_stream_media\source_codes\live.2016.11.28\vs2013_live555\livemedia\x64\release\h263plusvideortpsink.obj
f:\workdir\3_stream_media\source_codes\live.2016.11.28\vs2013_live555\livemedia\x64\release\h263plusvideofileservermediasubsession.obj
f:\workdir\3_stream_media\source_codes\live.2016.11.28\vs2013_live555\livemedia\x64\release\h261videortpsource.obj
f:\workdir\3_stream_media\source_codes\live.2016.11.28\vs2013_live555\livemedia\x64\release\gsmaudiortpsink.obj
f:\workdir\3_stream_media\source_codes\live.2016.11.28\vs2013_live555\livemedia\x64\release\genericmediaserver.obj
f:\workdir\3_stream_media\source_codes\live.2016.11.28\vs2013_live555\livemedia\x64\release\framedsource.obj
f:\workdir\3_stream_media\source_codes\live.2016.11.28\vs2013_live555\livemedia\x64\release\framedfilter.obj
f:\workdir\3_stream_media\source_codes\live.2016.11.28\vs2013_live555\livemedia\x64\release\framedfilesource.obj
f:\workdir\3_stream_media\source_codes\live.2016.11.28\vs2013_live555\livemedia\x64\release\filesink.obj
f:\workdir\3_stream_media\source_codes\live.2016.11.28\vs2013_live555\livemedia\x64\release\fileservermediasubsession.obj
f:\workdir\3_stream_media\source_codes\live.2016.11.28\vs2013_live555\livemedia\x64\release\ebmlnumber.obj
f:\workdir\3_stream_media\source_codes\live.2016.11.28\vs2013_live555\livemedia\x64\release\dvvideostreamframer.obj
f:\workdir\3_stream_media\source_codes\live.2016.11.28\vs2013_live555\livemedia\x64\release\dvvideortpsource.obj
f:\workdir\3_stream_media\source_codes\live.2016.11.28\vs2013_live555\livemedia\x64\release\dvvideortpsink.obj
f:\workdir\3_stream_media\source_codes\live.2016.11.28\vs2013_live555\livemedia\x64\release\dvvideofileservermediasubsession.obj
f:\workdir\3_stream_media\source_codes\live.2016.11.28\vs2013_live555\livemedia\x64\release\digestauthentication.obj
f:\workdir\3_stream_media\source_codes\live.2016.11.28\vs2013_live555\livemedia\x64\release\devicesource.obj
f:\workdir\3_stream_media\source_codes\live.2016.11.28\vs2013_live555\livemedia\x64\release\bytestreammultifilesource.obj
f:\workdir\3_stream_media\source_codes\live.2016.11.28\vs2013_live555\livemedia\x64\release\bytestreammemorybuffersource.obj
f:\workdir\3_stream_media\source_codes\live.2016.11.28\vs2013_live555\livemedia\x64\release\jpegvideortpsink.obj
f:\workdir\3_stream_media\source_codes\live.2016.11.28\vs2013_live555\livemedia\x64\release\inputfile.obj
f:\workdir\3_stream_media\source_codes\live.2016.11.28\vs2013_live555\livemedia\x64\release\h265videostreamframer.obj
f:\workdir\3_stream_media\source_codes\live.2016.11.28\vs2013_live555\livemedia\x64\release\h265videostreamdiscreteframer.obj
f:\workdir\3_stream_media\source_codes\live.2016.11.28\vs2013_live555\livemedia\x64\release\h265videortpsource.obj
f:\workdir\3_stream_media\source_codes\live.2016.11.28\vs2013_live555\livemedia\x64\release\h265videortpsink.obj
f:\workdir\3_stream_media\source_codes\live.2016.11.28\vs2013_live555\livemedia\x64\release\h265videofilesink.obj
f:\workdir\3_stream_media\source_codes\live.2016.11.28\vs2013_live555\livemedia\x64\release\h265videofileservermediasubsession.obj
f:\workdir\3_stream_media\source_codes\live.2016.11.28\vs2013_live555\livemedia\x64\release\h264videostreamframer.obj
f:\workdir\3_stream_media\source_codes\live.2016.11.28\vs2013_live555\livemedia\x64\release\h264videostreamdiscreteframer.obj
f:\workdir\3_stream_media\source_codes\live.2016.11.28\vs2013_live555\livemedia\x64\release\h264videortpsource.obj
f:\workdir\3_stream_media\source_codes\live.2016.11.28\vs2013_live555\livemedia\x64\release\h264videortpsink.obj
f:\workdir\3_stream_media\source_codes\live.2016.11.28\vs2013_live555\livemedia\x64\release\h264videofilesink.obj
f:\workdir\3_stream_media\source_codes\live.2016.11.28\vs2013_live555\livemedia\x64\release\h264videofileservermediasubsession.obj
f:\workdir\3_stream_media\source_codes\live.2016.11.28\vs2013_live555\livemedia\x64\release\h264or5videostreamframer.obj
f:\workdir\3_stream_media\source_codes\live.2016.11.28\vs2013_live555\livemedia\x64\release\h264or5videostreamdiscreteframer.obj
f:\workdir\3_stream_media\source_codes\live.2016.11.28\vs2013_live555\livemedia\x64\release\h264or5videortpsink.obj
f:\workdir\3_stream_media\source_codes\live.2016.11.28\vs2013_live555\livemedia\x64\release\h264or5videofilesink.obj
f:\workdir\3_stream_media\source_codes\live.2016.11.28\vs2013_live555\livemedia\x64\release\h263plusvideostreamparser.obj
f:\workdir\3_stream_media\source_codes\live.2016.11.28\vs2013_live555\livemedia\x64\release\h263plusvideostreamframer.obj
f:\workdir\3_stream_media\source_codes\live.2016.11.28\vs2013_live555\livemedia\x64\release\mp3audiomatroskafileservermediasubsession.obj
f:\workdir\3_stream_media\source_codes\live.2016.11.28\vs2013_live555\livemedia\x64\release\mp3audiofileservermediasubsession.obj
f:\workdir\3_stream_media\source_codes\live.2016.11.28\vs2013_live555\livemedia\x64\release\mp3adutranscoder.obj
f:\workdir\3_stream_media\source_codes\live.2016.11.28\vs2013_live555\livemedia\x64\release\mp3adurtpsource.obj
f:\workdir\3_stream_media\source_codes\live.2016.11.28\vs2013_live555\livemedia\x64\release\mp3adurtpsink.obj
f:\workdir\3_stream_media\source_codes\live.2016.11.28\vs2013_live555\livemedia\x64\release\mp3aduinterleaving.obj
f:\workdir\3_stream_media\source_codes\live.2016.11.28\vs2013_live555\livemedia\x64\release\mp3adudescriptor.obj
f:\workdir\3_stream_media\source_codes\live.2016.11.28\vs2013_live555\livemedia\x64\release\mp3adu.obj
f:\workdir\3_stream_media\source_codes\live.2016.11.28\vs2013_live555\livemedia\x64\release\mediasource.obj
f:\workdir\3_stream_media\source_codes\live.2016.11.28\vs2013_live555\livemedia\x64\release\mediasink.obj
f:\workdir\3_stream_media\source_codes\live.2016.11.28\vs2013_live555\livemedia\x64\release\mediasession.obj
f:\workdir\3_stream_media\source_codes\live.2016.11.28\vs2013_live555\livemedia\x64\release\media.obj
f:\workdir\3_stream_media\source_codes\live.2016.11.28\vs2013_live555\livemedia\x64\release\matroskafileservermediasubsession.obj
f:\workdir\3_stream_media\source_codes\live.2016.11.28\vs2013_live555\livemedia\x64\release\matroskafileserverdemux.obj
f:\workdir\3_stream_media\source_codes\live.2016.11.28\vs2013_live555\livemedia\x64\release\matroskafileparser.obj
f:\workdir\3_stream_media\source_codes\live.2016.11.28\vs2013_live555\livemedia\x64\release\matroskafile.obj
f:\workdir\3_stream_media\source_codes\live.2016.11.28\vs2013_live555\livemedia\x64\release\matroskademuxedtrack.obj
f:\workdir\3_stream_media\source_codes\live.2016.11.28\vs2013_live555\livemedia\x64\release\locale.obj
f:\workdir\3_stream_media\source_codes\live.2016.11.28\vs2013_live555\livemedia\x64\release\jpegvideosource.obj
f:\workdir\3_stream_media\source_codes\live.2016.11.28\vs2013_live555\livemedia\x64\release\jpegvideortpsource.obj
f:\workdir\3_stream_media\source_codes\live.2016.11.28\vs2013_live555\livemedia\x64\release\mpeg2transportfileservermediasubsession.obj
f:\workdir\3_stream_media\source_codes\live.2016.11.28\vs2013_live555\livemedia\x64\release\mpeg2indexfromtransportstream.obj
f:\workdir\3_stream_media\source_codes\live.2016.11.28\vs2013_live555\livemedia\x64\release\mpeg1or2videostreamframer.obj
f:\workdir\3_stream_media\source_codes\live.2016.11.28\vs2013_live555\livemedia\x64\release\mpeg1or2videostreamdiscreteframer.obj
f:\workdir\3_stream_media\source_codes\live.2016.11.28\vs2013_live555\livemedia\x64\release\mpeg1or2videortpsource.obj
f:\workdir\3_stream_media\source_codes\live.2016.11.28\vs2013_live555\livemedia\x64\release\mpeg1or2videortpsink.obj
f:\workdir\3_stream_media\source_codes\live.2016.11.28\vs2013_live555\livemedia\x64\release\mpeg1or2videofileservermediasubsession.obj
f:\workdir\3_stream_media\source_codes\live.2016.11.28\vs2013_live555\livemedia\x64\release\mpeg1or2fileserverdemux.obj
f:\workdir\3_stream_media\source_codes\live.2016.11.28\vs2013_live555\livemedia\x64\release\mpeg1or2demuxedservermediasubsession.obj
f:\workdir\3_stream_media\source_codes\live.2016.11.28\vs2013_live555\livemedia\x64\release\mpeg1or2demuxedelementarystream.obj
f:\workdir\3_stream_media\source_codes\live.2016.11.28\vs2013_live555\livemedia\x64\release\mpeg1or2demux.obj
f:\workdir\3_stream_media\source_codes\live.2016.11.28\vs2013_live555\livemedia\x64\release\mpeg1or2audiostreamframer.obj
f:\workdir\3_stream_media\source_codes\live.2016.11.28\vs2013_live555\livemedia\x64\release\mpeg1or2audiortpsource.obj
f:\workdir\3_stream_media\source_codes\live.2016.11.28\vs2013_live555\livemedia\x64\release\mpeg1or2audiortpsink.obj
f:\workdir\3_stream_media\source_codes\live.2016.11.28\vs2013_live555\livemedia\x64\release\mp3transcoder.obj
f:\workdir\3_stream_media\source_codes\live.2016.11.28\vs2013_live555\livemedia\x64\release\mp3streamstate.obj
f:\workdir\3_stream_media\source_codes\live.2016.11.28\vs2013_live555\livemedia\x64\release\mp3internalshuffmantable.obj
f:\workdir\3_stream_media\source_codes\live.2016.11.28\vs2013_live555\livemedia\x64\release\mp3internalshuffman.obj
f:\workdir\3_stream_media\source_codes\live.2016.11.28\vs2013_live555\livemedia\x64\release\mp3internals.obj
f:\workdir\3_stream_media\source_codes\live.2016.11.28\vs2013_live555\livemedia\x64\release\mp3filesource.obj
f:\workdir\3_stream_media\source_codes\live.2016.11.28\vs2013_live555\livemedia\x64\release\multiframedrtpsink.obj
f:\workdir\3_stream_media\source_codes\live.2016.11.28\vs2013_live555\livemedia\x64\release\mpegvideostreamparser.obj
f:\workdir\3_stream_media\source_codes\live.2016.11.28\vs2013_live555\livemedia\x64\release\mpegvideostreamframer.obj
f:\workdir\3_stream_media\source_codes\live.2016.11.28\vs2013_live555\livemedia\x64\release\mpeg4videostreamframer.obj
f:\workdir\3_stream_media\source_codes\live.2016.11.28\vs2013_live555\livemedia\x64\release\mpeg4videostreamdiscreteframer.obj
f:\workdir\3_stream_media\source_codes\live.2016.11.28\vs2013_live555\livemedia\x64\release\mpeg4videofileservermediasubsession.obj
f:\workdir\3_stream_media\source_codes\live.2016.11.28\vs2013_live555\livemedia\x64\release\mpeg4latmaudiortpsource.obj
f:\workdir\3_stream_media\source_codes\live.2016.11.28\vs2013_live555\livemedia\x64\release\mpeg4latmaudiortpsink.obj
f:\workdir\3_stream_media\source_codes\live.2016.11.28\vs2013_live555\livemedia\x64\release\mpeg4genericrtpsource.obj
f:\workdir\3_stream_media\source_codes\live.2016.11.28\vs2013_live555\livemedia\x64\release\mpeg4genericrtpsink.obj
f:\workdir\3_stream_media\source_codes\live.2016.11.28\vs2013_live555\livemedia\x64\release\mpeg4esvideortpsource.obj
f:\workdir\3_stream_media\source_codes\live.2016.11.28\vs2013_live555\livemedia\x64\release\mpeg4esvideortpsink.obj
f:\workdir\3_stream_media\source_codes\live.2016.11.28\vs2013_live555\livemedia\x64\release\mpeg2transportudpservermediasubsession.obj
f:\workdir\3_stream_media\source_codes\live.2016.11.28\vs2013_live555\livemedia\x64\release\mpeg2transportstreamtrickmodefilter.obj
f:\workdir\3_stream_media\source_codes\live.2016.11.28\vs2013_live555\livemedia\x64\release\mpeg2transportstreammultiplexor.obj
f:\workdir\3_stream_media\source_codes\live.2016.11.28\vs2013_live555\livemedia\x64\release\mpeg2transportstreamindexfile.obj
f:\workdir\3_stream_media\source_codes\live.2016.11.28\vs2013_live555\livemedia\x64\release\mpeg2transportstreamfrompessource.obj
f:\workdir\3_stream_media\source_codes\live.2016.11.28\vs2013_live555\livemedia\x64\release\mpeg2transportstreamfromessource.obj
f:\workdir\3_stream_media\source_codes\live.2016.11.28\vs2013_live555\livemedia\x64\release\mpeg2transportstreamframer.obj
f:\workdir\3_stream_media\source_codes\live.2016.11.28\vs2013_live555\livemedia\x64\release\mpeg2transportstreamaccumulator.obj
f:\workdir\3_stream_media\source_codes\live.2016.11.28\vs2013_live555\livemedia\x64\release\rtspclient.obj
f:\workdir\3_stream_media\source_codes\live.2016.11.28\vs2013_live555\livemedia\x64\release\rtpsource.obj
f:\workdir\3_stream_media\source_codes\live.2016.11.28\vs2013_live555\livemedia\x64\release\rtpsink.obj
f:\workdir\3_stream_media\source_codes\live.2016.11.28\vs2013_live555\livemedia\x64\release\rtpinterface.obj
f:\workdir\3_stream_media\source_codes\live.2016.11.28\vs2013_live555\livemedia\x64\release\rtcp.obj
f:\workdir\3_stream_media\source_codes\live.2016.11.28\vs2013_live555\livemedia\x64\release\quicktimegenericrtpsource.obj
f:\workdir\3_stream_media\source_codes\live.2016.11.28\vs2013_live555\livemedia\x64\release\quicktimefilesink.obj
f:\workdir\3_stream_media\source_codes\live.2016.11.28\vs2013_live555\livemedia\x64\release\qcelpaudiortpsource.obj
f:\workdir\3_stream_media\source_codes\live.2016.11.28\vs2013_live555\livemedia\x64\release\proxyservermediasession.obj
f:\workdir\3_stream_media\source_codes\live.2016.11.28\vs2013_live555\livemedia\x64\release\passiveservermediasubsession.obj
f:\workdir\3_stream_media\source_codes\live.2016.11.28\vs2013_live555\livemedia\x64\release\outputfile.obj
f:\workdir\3_stream_media\source_codes\live.2016.11.28\vs2013_live555\livemedia\x64\release\ourmd5.obj
f:\workdir\3_stream_media\source_codes\live.2016.11.28\vs2013_live555\livemedia\x64\release\ondemandservermediasubsession.obj
f:\workdir\3_stream_media\source_codes\live.2016.11.28\vs2013_live555\livemedia\x64\release\oggfilesink.obj
f:\workdir\3_stream_media\source_codes\live.2016.11.28\vs2013_live555\livemedia\x64\release\oggfileservermediasubsession.obj
f:\workdir\3_stream_media\source_codes\live.2016.11.28\vs2013_live555\livemedia\x64\release\oggfileserverdemux.obj
f:\workdir\3_stream_media\source_codes\live.2016.11.28\vs2013_live555\livemedia\x64\release\oggfileparser.obj
f:\workdir\3_stream_media\source_codes\live.2016.11.28\vs2013_live555\livemedia\x64\release\oggfile.obj
f:\workdir\3_stream_media\source_codes\live.2016.11.28\vs2013_live555\livemedia\x64\release\oggdemuxedtrack.obj
f:\workdir\3_stream_media\source_codes\live.2016.11.28\vs2013_live555\livemedia\x64\release\multiframedrtpsource.obj
f:\workdir\3_stream_media\source_codes\live.2016.11.28\vs2013_live555\livemedia\x64\release\vorbisaudiortpsource.obj
f:\workdir\3_stream_media\source_codes\live.2016.11.28\vs2013_live555\livemedia\x64\release\vorbisaudiortpsink.obj
f:\workdir\3_stream_media\source_codes\live.2016.11.28\vs2013_live555\livemedia\x64\release\videortpsink.obj
f:\workdir\3_stream_media\source_codes\live.2016.11.28\vs2013_live555\livemedia\x64\release\ulawaudiofilter.obj
f:\workdir\3_stream_media\source_codes\live.2016.11.28\vs2013_live555\livemedia\x64\release\theoravideortpsource.obj
f:\workdir\3_stream_media\source_codes\live.2016.11.28\vs2013_live555\livemedia\x64\release\theoravideortpsink.obj
f:\workdir\3_stream_media\source_codes\live.2016.11.28\vs2013_live555\livemedia\x64\release\textrtpsink.obj
f:\workdir\3_stream_media\source_codes\live.2016.11.28\vs2013_live555\livemedia\x64\release\tcpstreamsink.obj
f:\workdir\3_stream_media\source_codes\live.2016.11.28\vs2013_live555\livemedia\x64\release\t140textrtpsink.obj
f:\workdir\3_stream_media\source_codes\live.2016.11.28\vs2013_live555\livemedia\x64\release\streamreplicator.obj
f:\workdir\3_stream_media\source_codes\live.2016.11.28\vs2013_live555\livemedia\x64\release\streamparser.obj
f:\workdir\3_stream_media\source_codes\live.2016.11.28\vs2013_live555\livemedia\x64\release\sipclient.obj
f:\workdir\3_stream_media\source_codes\live.2016.11.28\vs2013_live555\livemedia\x64\release\simplertpsource.obj
f:\workdir\3_stream_media\source_codes\live.2016.11.28\vs2013_live555\livemedia\x64\release\simplertpsink.obj
f:\workdir\3_stream_media\source_codes\live.2016.11.28\vs2013_live555\livemedia\x64\release\servermediasession.obj
f:\workdir\3_stream_media\source_codes\live.2016.11.28\vs2013_live555\livemedia\x64\release\rtspserversupportinghttpstreaming.obj
f:\workdir\3_stream_media\source_codes\live.2016.11.28\vs2013_live555\livemedia\x64\release\rtspserverregister.obj
f:\workdir\3_stream_media\source_codes\live.2016.11.28\vs2013_live555\livemedia\x64\release\rtspserver.obj
f:\workdir\3_stream_media\source_codes\live.2016.11.28\vs2013_live555\livemedia\x64\release\rtspregistersender.obj
f:\workdir\3_stream_media\source_codes\live.2016.11.28\vs2013_live555\livemedia\x64\release\rtspcommon.obj
f:\workdir\3_stream_media\source_codes\live.2016.11.28\vs2013_live555\livemedia\x64\release\wavaudiofilesource.obj
f:\workdir\3_stream_media\source_codes\live.2016.11.28\vs2013_live555\livemedia\x64\release\wavaudiofileservermediasubsession.obj
f:\workdir\3_stream_media\source_codes\live.2016.11.28\vs2013_live555\livemedia\x64\release\vp9videortpsource.obj
f:\workdir\3_stream_media\source_codes\live.2016.11.28\vs2013_live555\livemedia\x64\release\vp9videortpsink.obj
f:\workdir\3_stream_media\source_codes\live.2016.11.28\vs2013_live555\livemedia\x64\release\vp8videortpsource.obj
f:\workdir\3_stream_media\source_codes\live.2016.11.28\vs2013_live555\livemedia\x64\release\vp8videortpsink.obj
f:\workdir\3_stream_media\source_codes\live.2016.11.28\vs2013_live555\livemedia\x64\release\rtcp_from_spec.obj
f:\workdir\3_stream_media\source_codes\live.2016.11.28\vs2013_live555\x64\release\livemedia.lib
f:\workdir\3_stream_media\source_codes\live.2016.11.28\vs2013_live555\livemedia\x64\release\livemedia.tlog\cl.command.1.tlog
f:\workdir\3_stream_media\source_codes\live.2016.11.28\vs2013_live555\livemedia\x64\release\livemedia.tlog\cl.read.1.tlog
f:\workdir\3_stream_media\source_codes\live.2016.11.28\vs2013_live555\livemedia\x64\release\livemedia.tlog\cl.write.1.tlog
f:\workdir\3_stream_media\source_codes\live.2016.11.28\vs2013_live555\livemedia\x64\release\livemedia.tlog\lib-link.read.1.tlog
f:\workdir\3_stream_media\source_codes\live.2016.11.28\vs2013_live555\livemedia\x64\release\livemedia.tlog\lib-link.write.1.tlog
f:\workdir\3_stream_media\source_codes\live.2016.11.28\vs2013_live555\livemedia\x64\release\livemedia.tlog\lib.command.1.tlog
