d:\workdir\3_stream_media\live555\live.2017.10.28\live555_project\livemedia\release\vc120.pdb
d:\workdir\3_stream_media\live555\live.2017.10.28\live555_project\livemedia\release\bytestreamfilesource.obj
d:\workdir\3_stream_media\live555\live.2017.10.28\live555_project\livemedia\release\bitvector.obj
d:\workdir\3_stream_media\live555\live.2017.10.28\live555_project\livemedia\release\basicudpsource.obj
d:\workdir\3_stream_media\live555\live.2017.10.28\live555_project\livemedia\release\basicudpsink.obj
d:\workdir\3_stream_media\live555\live.2017.10.28\live555_project\livemedia\release\base64.obj
d:\workdir\3_stream_media\live555\live.2017.10.28\live555_project\livemedia\release\avifilesink.obj
d:\workdir\3_stream_media\live555\live.2017.10.28\live555_project\livemedia\release\audiortpsink.obj
d:\workdir\3_stream_media\live555\live.2017.10.28\live555_project\livemedia\release\audioinputdevice.obj
d:\workdir\3_stream_media\live555\live.2017.10.28\live555_project\livemedia\release\amraudiosource.obj
d:\workdir\3_stream_media\live555\live.2017.10.28\live555_project\livemedia\release\amraudiortpsource.obj
d:\workdir\3_stream_media\live555\live.2017.10.28\live555_project\livemedia\release\amraudiortpsink.obj
d:\workdir\3_stream_media\live555\live.2017.10.28\live555_project\livemedia\release\amraudiofilesource.obj
d:\workdir\3_stream_media\live555\live.2017.10.28\live555_project\livemedia\release\amraudiofilesink.obj
d:\workdir\3_stream_media\live555\live.2017.10.28\live555_project\livemedia\release\amraudiofileservermediasubsession.obj
d:\workdir\3_stream_media\live555\live.2017.10.28\live555_project\livemedia\release\adtsaudiofilesource.obj
d:\workdir\3_stream_media\live555\live.2017.10.28\live555_project\livemedia\release\adtsaudiofileservermediasubsession.obj
d:\workdir\3_stream_media\live555\live.2017.10.28\live555_project\livemedia\release\ac3audiostreamframer.obj
d:\workdir\3_stream_media\live555\live.2017.10.28\live555_project\livemedia\release\ac3audiortpsource.obj
d:\workdir\3_stream_media\live555\live.2017.10.28\live555_project\livemedia\release\ac3audiortpsink.obj
d:\workdir\3_stream_media\live555\live.2017.10.28\live555_project\livemedia\release\ac3audiofileservermediasubsession.obj
d:\workdir\3_stream_media\live555\live.2017.10.28\live555_project\livemedia\release\h263plusvideortpsource.obj
d:\workdir\3_stream_media\live555\live.2017.10.28\live555_project\livemedia\release\h263plusvideortpsink.obj
d:\workdir\3_stream_media\live555\live.2017.10.28\live555_project\livemedia\release\h263plusvideofileservermediasubsession.obj
d:\workdir\3_stream_media\live555\live.2017.10.28\live555_project\livemedia\release\h261videortpsource.obj
d:\workdir\3_stream_media\live555\live.2017.10.28\live555_project\livemedia\release\gsmaudiortpsink.obj
d:\workdir\3_stream_media\live555\live.2017.10.28\live555_project\livemedia\release\genericmediaserver.obj
d:\workdir\3_stream_media\live555\live.2017.10.28\live555_project\livemedia\release\framedsource.obj
d:\workdir\3_stream_media\live555\live.2017.10.28\live555_project\livemedia\release\framedfilter.obj
d:\workdir\3_stream_media\live555\live.2017.10.28\live555_project\livemedia\release\framedfilesource.obj
d:\workdir\3_stream_media\live555\live.2017.10.28\live555_project\livemedia\release\filesink.obj
d:\workdir\3_stream_media\live555\live.2017.10.28\live555_project\livemedia\release\fileservermediasubsession.obj
d:\workdir\3_stream_media\live555\live.2017.10.28\live555_project\livemedia\release\ebmlnumber.obj
d:\workdir\3_stream_media\live555\live.2017.10.28\live555_project\livemedia\release\dvvideostreamframer.obj
d:\workdir\3_stream_media\live555\live.2017.10.28\live555_project\livemedia\release\dvvideortpsource.obj
d:\workdir\3_stream_media\live555\live.2017.10.28\live555_project\livemedia\release\dvvideortpsink.obj
d:\workdir\3_stream_media\live555\live.2017.10.28\live555_project\livemedia\release\dvvideofileservermediasubsession.obj
d:\workdir\3_stream_media\live555\live.2017.10.28\live555_project\livemedia\release\digestauthentication.obj
d:\workdir\3_stream_media\live555\live.2017.10.28\live555_project\livemedia\release\devicesource.obj
d:\workdir\3_stream_media\live555\live.2017.10.28\live555_project\livemedia\release\bytestreammultifilesource.obj
d:\workdir\3_stream_media\live555\live.2017.10.28\live555_project\livemedia\release\bytestreammemorybuffersource.obj
d:\workdir\3_stream_media\live555\live.2017.10.28\live555_project\livemedia\release\jpegvideortpsink.obj
d:\workdir\3_stream_media\live555\live.2017.10.28\live555_project\livemedia\release\inputfile.obj
d:\workdir\3_stream_media\live555\live.2017.10.28\live555_project\livemedia\release\h265videostreamframer.obj
d:\workdir\3_stream_media\live555\live.2017.10.28\live555_project\livemedia\release\h265videostreamdiscreteframer.obj
d:\workdir\3_stream_media\live555\live.2017.10.28\live555_project\livemedia\release\h265videortpsource.obj
d:\workdir\3_stream_media\live555\live.2017.10.28\live555_project\livemedia\release\h265videortpsink.obj
d:\workdir\3_stream_media\live555\live.2017.10.28\live555_project\livemedia\release\h265videofilesink.obj
d:\workdir\3_stream_media\live555\live.2017.10.28\live555_project\livemedia\release\h265videofileservermediasubsession.obj
d:\workdir\3_stream_media\live555\live.2017.10.28\live555_project\livemedia\release\h264videostreamframer.obj
d:\workdir\3_stream_media\live555\live.2017.10.28\live555_project\livemedia\release\h264videostreamdiscreteframer.obj
d:\workdir\3_stream_media\live555\live.2017.10.28\live555_project\livemedia\release\h264videortpsource.obj
d:\workdir\3_stream_media\live555\live.2017.10.28\live555_project\livemedia\release\h264videortpsink.obj
d:\workdir\3_stream_media\live555\live.2017.10.28\live555_project\livemedia\release\h264videofilesink.obj
d:\workdir\3_stream_media\live555\live.2017.10.28\live555_project\livemedia\release\h264videofileservermediasubsession.obj
d:\workdir\3_stream_media\live555\live.2017.10.28\live555_project\livemedia\release\h264or5videostreamframer.obj
d:\workdir\3_stream_media\live555\live.2017.10.28\live555_project\livemedia\release\h264or5videostreamdiscreteframer.obj
d:\workdir\3_stream_media\live555\live.2017.10.28\live555_project\livemedia\release\h264or5videortpsink.obj
d:\workdir\3_stream_media\live555\live.2017.10.28\live555_project\livemedia\release\h264or5videofilesink.obj
d:\workdir\3_stream_media\live555\live.2017.10.28\live555_project\livemedia\release\h263plusvideostreamparser.obj
d:\workdir\3_stream_media\live555\live.2017.10.28\live555_project\livemedia\release\h263plusvideostreamframer.obj
d:\workdir\3_stream_media\live555\live.2017.10.28\live555_project\livemedia\release\mp3audiomatroskafileservermediasubsession.obj
d:\workdir\3_stream_media\live555\live.2017.10.28\live555_project\livemedia\release\mp3audiofileservermediasubsession.obj
d:\workdir\3_stream_media\live555\live.2017.10.28\live555_project\livemedia\release\mp3adutranscoder.obj
d:\workdir\3_stream_media\live555\live.2017.10.28\live555_project\livemedia\release\mp3adurtpsource.obj
d:\workdir\3_stream_media\live555\live.2017.10.28\live555_project\livemedia\release\mp3adurtpsink.obj
d:\workdir\3_stream_media\live555\live.2017.10.28\live555_project\livemedia\release\mp3aduinterleaving.obj
d:\workdir\3_stream_media\live555\live.2017.10.28\live555_project\livemedia\release\mp3adudescriptor.obj
d:\workdir\3_stream_media\live555\live.2017.10.28\live555_project\livemedia\release\mp3adu.obj
d:\workdir\3_stream_media\live555\live.2017.10.28\live555_project\livemedia\release\mediasource.obj
d:\workdir\3_stream_media\live555\live.2017.10.28\live555_project\livemedia\release\mediasink.obj
d:\workdir\3_stream_media\live555\live.2017.10.28\live555_project\livemedia\release\mediasession.obj
d:\workdir\3_stream_media\live555\live.2017.10.28\live555_project\livemedia\release\media.obj
d:\workdir\3_stream_media\live555\live.2017.10.28\live555_project\livemedia\release\matroskafileservermediasubsession.obj
d:\workdir\3_stream_media\live555\live.2017.10.28\live555_project\livemedia\release\matroskafileserverdemux.obj
d:\workdir\3_stream_media\live555\live.2017.10.28\live555_project\livemedia\release\matroskafileparser.obj
d:\workdir\3_stream_media\live555\live.2017.10.28\live555_project\livemedia\release\matroskafile.obj
d:\workdir\3_stream_media\live555\live.2017.10.28\live555_project\livemedia\release\matroskademuxedtrack.obj
d:\workdir\3_stream_media\live555\live.2017.10.28\live555_project\livemedia\release\locale.obj
d:\workdir\3_stream_media\live555\live.2017.10.28\live555_project\livemedia\release\jpegvideosource.obj
d:\workdir\3_stream_media\live555\live.2017.10.28\live555_project\livemedia\release\jpegvideortpsource.obj
d:\workdir\3_stream_media\live555\live.2017.10.28\live555_project\livemedia\release\mpeg2transportfileservermediasubsession.obj
d:\workdir\3_stream_media\live555\live.2017.10.28\live555_project\livemedia\release\mpeg2indexfromtransportstream.obj
d:\workdir\3_stream_media\live555\live.2017.10.28\live555_project\livemedia\release\mpeg1or2videostreamframer.obj
d:\workdir\3_stream_media\live555\live.2017.10.28\live555_project\livemedia\release\mpeg1or2videostreamdiscreteframer.obj
d:\workdir\3_stream_media\live555\live.2017.10.28\live555_project\livemedia\release\mpeg1or2videortpsource.obj
d:\workdir\3_stream_media\live555\live.2017.10.28\live555_project\livemedia\release\mpeg1or2videortpsink.obj
d:\workdir\3_stream_media\live555\live.2017.10.28\live555_project\livemedia\release\mpeg1or2videofileservermediasubsession.obj
d:\workdir\3_stream_media\live555\live.2017.10.28\live555_project\livemedia\release\mpeg1or2fileserverdemux.obj
d:\workdir\3_stream_media\live555\live.2017.10.28\live555_project\livemedia\release\mpeg1or2demuxedservermediasubsession.obj
d:\workdir\3_stream_media\live555\live.2017.10.28\live555_project\livemedia\release\mpeg1or2demuxedelementarystream.obj
d:\workdir\3_stream_media\live555\live.2017.10.28\live555_project\livemedia\release\mpeg1or2demux.obj
d:\workdir\3_stream_media\live555\live.2017.10.28\live555_project\livemedia\release\mpeg1or2audiostreamframer.obj
d:\workdir\3_stream_media\live555\live.2017.10.28\live555_project\livemedia\release\mpeg1or2audiortpsource.obj
d:\workdir\3_stream_media\live555\live.2017.10.28\live555_project\livemedia\release\mpeg1or2audiortpsink.obj
d:\workdir\3_stream_media\live555\live.2017.10.28\live555_project\livemedia\release\mp3transcoder.obj
d:\workdir\3_stream_media\live555\live.2017.10.28\live555_project\livemedia\release\mp3streamstate.obj
d:\workdir\3_stream_media\live555\live.2017.10.28\live555_project\livemedia\release\mp3internalshuffmantable.obj
d:\workdir\3_stream_media\live555\live.2017.10.28\live555_project\livemedia\release\mp3internalshuffman.obj
d:\workdir\3_stream_media\live555\live.2017.10.28\live555_project\livemedia\release\mp3internals.obj
d:\workdir\3_stream_media\live555\live.2017.10.28\live555_project\livemedia\release\mp3filesource.obj
d:\workdir\3_stream_media\live555\live.2017.10.28\live555_project\livemedia\release\multiframedrtpsink.obj
d:\workdir\3_stream_media\live555\live.2017.10.28\live555_project\livemedia\release\mpegvideostreamparser.obj
d:\workdir\3_stream_media\live555\live.2017.10.28\live555_project\livemedia\release\mpegvideostreamframer.obj
d:\workdir\3_stream_media\live555\live.2017.10.28\live555_project\livemedia\release\mpeg4videostreamframer.obj
d:\workdir\3_stream_media\live555\live.2017.10.28\live555_project\livemedia\release\mpeg4videostreamdiscreteframer.obj
d:\workdir\3_stream_media\live555\live.2017.10.28\live555_project\livemedia\release\mpeg4videofileservermediasubsession.obj
d:\workdir\3_stream_media\live555\live.2017.10.28\live555_project\livemedia\release\mpeg4latmaudiortpsource.obj
d:\workdir\3_stream_media\live555\live.2017.10.28\live555_project\livemedia\release\mpeg4latmaudiortpsink.obj
d:\workdir\3_stream_media\live555\live.2017.10.28\live555_project\livemedia\release\mpeg4genericrtpsource.obj
d:\workdir\3_stream_media\live555\live.2017.10.28\live555_project\livemedia\release\mpeg4genericrtpsink.obj
d:\workdir\3_stream_media\live555\live.2017.10.28\live555_project\livemedia\release\mpeg4esvideortpsource.obj
d:\workdir\3_stream_media\live555\live.2017.10.28\live555_project\livemedia\release\mpeg4esvideortpsink.obj
d:\workdir\3_stream_media\live555\live.2017.10.28\live555_project\livemedia\release\mpeg2transportudpservermediasubsession.obj
d:\workdir\3_stream_media\live555\live.2017.10.28\live555_project\livemedia\release\mpeg2transportstreamtrickmodefilter.obj
d:\workdir\3_stream_media\live555\live.2017.10.28\live555_project\livemedia\release\mpeg2transportstreammultiplexor.obj
d:\workdir\3_stream_media\live555\live.2017.10.28\live555_project\livemedia\release\mpeg2transportstreamindexfile.obj
d:\workdir\3_stream_media\live555\live.2017.10.28\live555_project\livemedia\release\mpeg2transportstreamfrompessource.obj
d:\workdir\3_stream_media\live555\live.2017.10.28\live555_project\livemedia\release\mpeg2transportstreamfromessource.obj
d:\workdir\3_stream_media\live555\live.2017.10.28\live555_project\livemedia\release\mpeg2transportstreamframer.obj
d:\workdir\3_stream_media\live555\live.2017.10.28\live555_project\livemedia\release\mpeg2transportstreamaccumulator.obj
d:\workdir\3_stream_media\live555\live.2017.10.28\live555_project\livemedia\release\rtspclient.obj
d:\workdir\3_stream_media\live555\live.2017.10.28\live555_project\livemedia\release\rtpsource.obj
d:\workdir\3_stream_media\live555\live.2017.10.28\live555_project\livemedia\release\rtpsink.obj
d:\workdir\3_stream_media\live555\live.2017.10.28\live555_project\livemedia\release\rtpinterface.obj
d:\workdir\3_stream_media\live555\live.2017.10.28\live555_project\livemedia\release\rtcp.obj
d:\workdir\3_stream_media\live555\live.2017.10.28\live555_project\livemedia\release\quicktimegenericrtpsource.obj
d:\workdir\3_stream_media\live555\live.2017.10.28\live555_project\livemedia\release\quicktimefilesink.obj
d:\workdir\3_stream_media\live555\live.2017.10.28\live555_project\livemedia\release\qcelpaudiortpsource.obj
d:\workdir\3_stream_media\live555\live.2017.10.28\live555_project\livemedia\release\proxyservermediasession.obj
d:\workdir\3_stream_media\live555\live.2017.10.28\live555_project\livemedia\release\passiveservermediasubsession.obj
d:\workdir\3_stream_media\live555\live.2017.10.28\live555_project\livemedia\release\outputfile.obj
d:\workdir\3_stream_media\live555\live.2017.10.28\live555_project\livemedia\release\ourmd5.obj
d:\workdir\3_stream_media\live555\live.2017.10.28\live555_project\livemedia\release\ondemandservermediasubsession.obj
d:\workdir\3_stream_media\live555\live.2017.10.28\live555_project\livemedia\release\oggfilesink.obj
d:\workdir\3_stream_media\live555\live.2017.10.28\live555_project\livemedia\release\oggfileservermediasubsession.obj
d:\workdir\3_stream_media\live555\live.2017.10.28\live555_project\livemedia\release\oggfileserverdemux.obj
d:\workdir\3_stream_media\live555\live.2017.10.28\live555_project\livemedia\release\oggfileparser.obj
d:\workdir\3_stream_media\live555\live.2017.10.28\live555_project\livemedia\release\oggfile.obj
d:\workdir\3_stream_media\live555\live.2017.10.28\live555_project\livemedia\release\oggdemuxedtrack.obj
d:\workdir\3_stream_media\live555\live.2017.10.28\live555_project\livemedia\release\multiframedrtpsource.obj
d:\workdir\3_stream_media\live555\live.2017.10.28\live555_project\livemedia\release\vorbisaudiortpsource.obj
d:\workdir\3_stream_media\live555\live.2017.10.28\live555_project\livemedia\release\vorbisaudiortpsink.obj
d:\workdir\3_stream_media\live555\live.2017.10.28\live555_project\livemedia\release\videortpsink.obj
d:\workdir\3_stream_media\live555\live.2017.10.28\live555_project\livemedia\release\ulawaudiofilter.obj
d:\workdir\3_stream_media\live555\live.2017.10.28\live555_project\livemedia\release\theoravideortpsource.obj
d:\workdir\3_stream_media\live555\live.2017.10.28\live555_project\livemedia\release\theoravideortpsink.obj
d:\workdir\3_stream_media\live555\live.2017.10.28\live555_project\livemedia\release\textrtpsink.obj
d:\workdir\3_stream_media\live555\live.2017.10.28\live555_project\livemedia\release\tcpstreamsink.obj
d:\workdir\3_stream_media\live555\live.2017.10.28\live555_project\livemedia\release\t140textrtpsink.obj
d:\workdir\3_stream_media\live555\live.2017.10.28\live555_project\livemedia\release\streamreplicator.obj
d:\workdir\3_stream_media\live555\live.2017.10.28\live555_project\livemedia\release\streamparser.obj
d:\workdir\3_stream_media\live555\live.2017.10.28\live555_project\livemedia\release\sipclient.obj
d:\workdir\3_stream_media\live555\live.2017.10.28\live555_project\livemedia\release\simplertpsource.obj
d:\workdir\3_stream_media\live555\live.2017.10.28\live555_project\livemedia\release\simplertpsink.obj
d:\workdir\3_stream_media\live555\live.2017.10.28\live555_project\livemedia\release\servermediasession.obj
d:\workdir\3_stream_media\live555\live.2017.10.28\live555_project\livemedia\release\rtspserversupportinghttpstreaming.obj
d:\workdir\3_stream_media\live555\live.2017.10.28\live555_project\livemedia\release\rtspserverregister.obj
d:\workdir\3_stream_media\live555\live.2017.10.28\live555_project\livemedia\release\rtspserver.obj
d:\workdir\3_stream_media\live555\live.2017.10.28\live555_project\livemedia\release\rtspregistersender.obj
d:\workdir\3_stream_media\live555\live.2017.10.28\live555_project\livemedia\release\rtspcommon.obj
d:\workdir\3_stream_media\live555\live.2017.10.28\live555_project\livemedia\release\wavaudiofilesource.obj
d:\workdir\3_stream_media\live555\live.2017.10.28\live555_project\livemedia\release\wavaudiofileservermediasubsession.obj
d:\workdir\3_stream_media\live555\live.2017.10.28\live555_project\livemedia\release\vp9videortpsource.obj
d:\workdir\3_stream_media\live555\live.2017.10.28\live555_project\livemedia\release\vp9videortpsink.obj
d:\workdir\3_stream_media\live555\live.2017.10.28\live555_project\livemedia\release\vp8videortpsource.obj
d:\workdir\3_stream_media\live555\live.2017.10.28\live555_project\livemedia\release\vp8videortpsink.obj
d:\workdir\3_stream_media\live555\live.2017.10.28\live555_project\livemedia\release\rtcp_from_spec.obj
d:\workdir\3_stream_media\live555\live.2017.10.28\live555_project\release\livemedia.lib
d:\workdir\3_stream_media\live555\live.2017.10.28\live555_project\livemedia\release\livemedia.tlog\cl.command.1.tlog
d:\workdir\3_stream_media\live555\live.2017.10.28\live555_project\livemedia\release\livemedia.tlog\cl.read.1.tlog
d:\workdir\3_stream_media\live555\live.2017.10.28\live555_project\livemedia\release\livemedia.tlog\cl.write.1.tlog
d:\workdir\3_stream_media\live555\live.2017.10.28\live555_project\livemedia\release\livemedia.tlog\lib-link.read.1.tlog
d:\workdir\3_stream_media\live555\live.2017.10.28\live555_project\livemedia\release\livemedia.tlog\lib-link.write.1.tlog
d:\workdir\3_stream_media\live555\live.2017.10.28\live555_project\livemedia\release\livemedia.tlog\lib.command.1.tlog
