生成启动时间为 2017/11/25 23:28:13。
     1>项目“D:\workdir\3_stream_media\live555\live.2017.10.28\live555_project\liveMedia\liveMedia.vcxproj”在节点 4 上(Build 个目标)。
     1>ClCompile:
         C:\Program Files (x86)\Microsoft Visual Studio 12.0\VC\bin\CL.exe /c /I..\..\UsageEnvironment\include /I..\..\liveMedia\include /I..\..\groupsock\include /I..\..\BasicUsageEnvironment\include /Zi /nologo /W3 /WX- /O2 /Oi /Oy- /GL /D WIN32 /D NDEBUG /D _LIB /D _CRT_SECURE_NO_WARNINGS /D _WINSOCK_DEPRECATED_NO_WARNINGS /D _UNICODE /D UNICODE /Gm- /EHsc /MD /GS /Gy /fp:precise /Zc:wchar_t /Zc:forScope /Fo"Release\\" /Fd"Release\vc120.pdb" /Gd /TP /analyze- /errorReport:prompt ..\..\liveMedia\GenericMediaServer.cpp
         GenericMediaServer.cpp
       Lib:
         C:\Program Files (x86)\Microsoft Visual Studio 12.0\VC\bin\Lib.exe /OUT:"D:\workdir\3_stream_media\live555\live.2017.10.28\live555_project\Release\liveMedia.lib" /NOLOGO /LTCG Release\AC3AudioFileServerMediaSubsession.obj
         Release\AC3AudioRTPSink.obj
         Release\AC3AudioRTPSource.obj
         Release\AC3AudioStreamFramer.obj
         Release\ADTSAudioFileServerMediaSubsession.obj
         Release\ADTSAudioFileSource.obj
         Release\AMRAudioFileServerMediaSubsession.obj
         Release\AMRAudioFileSink.obj
         Release\AMRAudioFileSource.obj
         Release\AMRAudioRTPSink.obj
         Release\AMRAudioRTPSource.obj
         Release\AMRAudioSource.obj
         Release\AudioInputDevice.obj
         Release\AudioRTPSink.obj
         Release\AVIFileSink.obj
         Release\Base64.obj
         Release\BasicUDPSink.obj
         Release\BasicUDPSource.obj
         Release\BitVector.obj
         Release\ByteStreamFileSource.obj
         Release\ByteStreamMemoryBufferSource.obj
         Release\ByteStreamMultiFileSource.obj
         Release\DeviceSource.obj
         Release\DigestAuthentication.obj
         Release\DVVideoFileServerMediaSubsession.obj
         Release\DVVideoRTPSink.obj
         Release\DVVideoRTPSource.obj
         Release\DVVideoStreamFramer.obj
         Release\EBMLNumber.obj
         Release\FileServerMediaSubsession.obj
         Release\FileSink.obj
         Release\FramedFileSource.obj
         Release\FramedFilter.obj
         Release\FramedSource.obj
         Release\GenericMediaServer.obj
         Release\GSMAudioRTPSink.obj
         Release\H261VideoRTPSource.obj
         Release\H263plusVideoFileServerMediaSubsession.obj
         Release\H263plusVideoRTPSink.obj
         Release\H263plusVideoRTPSource.obj
         Release\H263plusVideoStreamFramer.obj
         Release\H263plusVideoStreamParser.obj
         Release\H264or5VideoFileSink.obj
         Release\H264or5VideoRTPSink.obj
         Release\H264or5VideoStreamDiscreteFramer.obj
         Release\H264or5VideoStreamFramer.obj
         Release\H264VideoFileServerMediaSubsession.obj
         Release\H264VideoFileSink.obj
         Release\H264VideoRTPSink.obj
         Release\H264VideoRTPSource.obj
         Release\H264VideoStreamDiscreteFramer.obj
         Release\H264VideoStreamFramer.obj
         Release\H265VideoFileServerMediaSubsession.obj
         Release\H265VideoFileSink.obj
         Release\H265VideoRTPSink.obj
         Release\H265VideoRTPSource.obj
         Release\H265VideoStreamDiscreteFramer.obj
         Release\H265VideoStreamFramer.obj
         Release\InputFile.obj
         Release\JPEGVideoRTPSink.obj
         Release\JPEGVideoRTPSource.obj
         Release\JPEGVideoSource.obj
         Release\Locale.obj
         Release\MatroskaDemuxedTrack.obj
         Release\MatroskaFile.obj
         Release\MatroskaFileParser.obj
         Release\MatroskaFileServerDemux.obj
         Release\MatroskaFileServerMediaSubsession.obj
         Release\Media.obj
         Release\MediaSession.obj
         Release\MediaSink.obj
         Release\MediaSource.obj
         Release\MP3ADU.obj
         Release\MP3ADUdescriptor.obj
         Release\MP3ADUinterleaving.obj
         Release\MP3ADURTPSink.obj
         Release\MP3ADURTPSource.obj
         Release\MP3ADUTranscoder.obj
         Release\MP3AudioFileServerMediaSubsession.obj
         Release\MP3AudioMatroskaFileServerMediaSubsession.obj
         Release\MP3FileSource.obj
         Release\MP3Internals.obj
         Release\MP3InternalsHuffman.obj
         Release\MP3InternalsHuffmanTable.obj
         Release\MP3StreamState.obj
         Release\MP3Transcoder.obj
         Release\MPEG1or2AudioRTPSink.obj
         Release\MPEG1or2AudioRTPSource.obj
         Release\MPEG1or2AudioStreamFramer.obj
         Release\MPEG1or2Demux.obj
         Release\MPEG1or2DemuxedElementaryStream.obj
         Release\MPEG1or2DemuxedServerMediaSubsession.obj
         Release\MPEG1or2FileServerDemux.obj
         Release\MPEG1or2VideoFileServerMediaSubsession.obj
         Release\MPEG1or2VideoRTPSink.obj
         Release\MPEG1or2VideoRTPSource.obj
         Release\MPEG1or2VideoStreamDiscreteFramer.obj
         Release\MPEG1or2VideoStreamFramer.obj
         Release\MPEG2IndexFromTransportStream.obj
         Release\MPEG2TransportFileServerMediaSubsession.obj
         Release\MPEG2TransportStreamAccumulator.obj
         Release\MPEG2TransportStreamFramer.obj
         Release\MPEG2TransportStreamFromESSource.obj
         Release\MPEG2TransportStreamFromPESSource.obj
         Release\MPEG2TransportStreamIndexFile.obj
         Release\MPEG2TransportStreamMultiplexor.obj
         Release\MPEG2TransportStreamTrickModeFilter.obj
         Release\MPEG2TransportUDPServerMediaSubsession.obj
         Release\MPEG4ESVideoRTPSink.obj
         Release\MPEG4ESVideoRTPSource.obj
         Release\MPEG4GenericRTPSink.obj
         Release\MPEG4GenericRTPSource.obj
         Release\MPEG4LATMAudioRTPSink.obj
         Release\MPEG4LATMAudioRTPSource.obj
         Release\MPEG4VideoFileServerMediaSubsession.obj
         Release\MPEG4VideoStreamDiscreteFramer.obj
         Release\MPEG4VideoStreamFramer.obj
         Release\MPEGVideoStreamFramer.obj
         Release\MPEGVideoStreamParser.obj
         Release\MultiFramedRTPSink.obj
         Release\MultiFramedRTPSource.obj
         Release\OggDemuxedTrack.obj
         Release\OggFile.obj
         Release\OggFileParser.obj
         Release\OggFileServerDemux.obj
         Release\OggFileServerMediaSubsession.obj
         Release\OggFileSink.obj
         Release\OnDemandServerMediaSubsession.obj
         Release\ourMD5.obj
         Release\OutputFile.obj
         Release\PassiveServerMediaSubsession.obj
         Release\ProxyServerMediaSession.obj
         Release\QCELPAudioRTPSource.obj
         Release\QuickTimeFileSink.obj
         Release\QuickTimeGenericRTPSource.obj
         Release\RTCP.obj
         Release\rtcp_from_spec.obj
         Release\RTPInterface.obj
         Release\RTPSink.obj
         Release\RTPSource.obj
         Release\RTSPClient.obj
         Release\RTSPCommon.obj
         Release\RTSPRegisterSender.obj
         Release\RTSPServer.obj
         Release\RTSPServerRegister.obj
         Release\RTSPServerSupportingHTTPStreaming.obj
         Release\ServerMediaSession.obj
         Release\SimpleRTPSink.obj
         Release\SimpleRTPSource.obj
         Release\SIPClient.obj
         Release\StreamParser.obj
         Release\StreamReplicator.obj
         Release\T140TextRTPSink.obj
         Release\TCPStreamSink.obj
         Release\TextRTPSink.obj
         Release\TheoraVideoRTPSink.obj
         Release\TheoraVideoRTPSource.obj
         Release\uLawAudioFilter.obj
         Release\VideoRTPSink.obj
         Release\VorbisAudioRTPSink.obj
         Release\VorbisAudioRTPSource.obj
         Release\VP8VideoRTPSink.obj
         Release\VP8VideoRTPSource.obj
         Release\VP9VideoRTPSink.obj
         Release\VP9VideoRTPSource.obj
         Release\WAVAudioFileServerMediaSubsession.obj
         Release\WAVAudioFileSource.obj
         liveMedia.vcxproj -> D:\workdir\3_stream_media\live555\live.2017.10.28\live555_project\Release\liveMedia.lib
     1>已完成生成项目“D:\workdir\3_stream_media\live555\live.2017.10.28\live555_project\liveMedia\liveMedia.vcxproj”(Build 个目标)的操作。

生成成功。

已用时间 00:00:06.41
