  WAVAudioFileSource.cpp
d:\studydir\1_streammedia\live555\live.2017.10.28\livemedia\wavaudiofilesource.cpp(287): warning C4267: “=”: 从“size_t”转换到“unsigned int”，可能丢失数据
  WAVAudioFileServerMediaSubsession.cpp
  VP9VideoRTPSource.cpp
  VP9VideoRTPSink.cpp
  VP8VideoRTPSource.cpp
  VP8VideoRTPSink.cpp
  VorbisAudioRTPSource.cpp
  VorbisAudioRTPSink.cpp
d:\studydir\1_streammedia\live555\live.2017.10.28\livemedia\vorbisaudiortpsink.cpp(112): warning C4267: “初始化”: 从“size_t”转换到“unsigned int”，可能丢失数据
  VideoRTPSink.cpp
  uLawAudioFilter.cpp
  TheoraVideoRTPSource.cpp
  TheoraVideoRTPSink.cpp
d:\studydir\1_streammedia\live555\live.2017.10.28\livemedia\theoravideortpsink.cpp(103): warning C4267: “初始化”: 从“size_t”转换到“unsigned int”，可能丢失数据
  TextRTPSink.cpp
  TCPStreamSink.cpp
  T140TextRTPSink.cpp
  StreamReplicator.cpp
  StreamParser.cpp
  SIPClient.cpp
d:\studydir\1_streammedia\live555\live.2017.10.28\livemedia\sipclient.cpp(46): warning C4267: “初始化”: 从“size_t”转换到“unsigned int”，可能丢失数据
d:\studydir\1_streammedia\live555\live.2017.10.28\livemedia\sipclient.cpp(46): warning C4267: “初始化”: 从“size_t”转换到“const unsigned int”，可能丢失数据
d:\studydir\1_streammedia\live555\live.2017.10.28\livemedia\sipclient.cpp(50): warning C4267: “=”: 从“size_t”转换到“unsigned int”，可能丢失数据
d:\studydir\1_streammedia\live555\live.2017.10.28\livemedia\sipclient.cpp(69): warning C4267: “=”: 从“size_t”转换到“unsigned int”，可能丢失数据
d:\studydir\1_streammedia\live555\live.2017.10.28\livemedia\sipclient.cpp(73): warning C4267: “=”: 从“size_t”转换到“unsigned int”，可能丢失数据
d:\studydir\1_streammedia\live555\live.2017.10.28\livemedia\sipclient.cpp(78): warning C4267: “=”: 从“size_t”转换到“unsigned int”，可能丢失数据
d:\studydir\1_streammedia\live555\live.2017.10.28\livemedia\sipclient.cpp(118): warning C4267: “初始化”: 从“size_t”转换到“unsigned int”，可能丢失数据
d:\studydir\1_streammedia\live555\live.2017.10.28\livemedia\sipclient.cpp(144): warning C4267: “=”: 从“size_t”转换到“unsigned int”，可能丢失数据
d:\studydir\1_streammedia\live555\live.2017.10.28\livemedia\sipclient.cpp(191): warning C4267: “=”: 从“size_t”转换到“unsigned int”，可能丢失数据
d:\studydir\1_streammedia\live555\live.2017.10.28\livemedia\sipclient.cpp(216): warning C4267: “初始化”: 从“size_t”转换到“unsigned int”，可能丢失数据
d:\studydir\1_streammedia\live555\live.2017.10.28\livemedia\sipclient.cpp(220): warning C4267: “=”: 从“size_t”转换到“unsigned int”，可能丢失数据
d:\studydir\1_streammedia\live555\live.2017.10.28\livemedia\sipclient.cpp(239): warning C4267: “初始化”: 从“size_t”转换到“unsigned int”，可能丢失数据
d:\studydir\1_streammedia\live555\live.2017.10.28\livemedia\sipclient.cpp(248): warning C4267: “初始化”: 从“size_t”转换到“unsigned int”，可能丢失数据
d:\studydir\1_streammedia\live555\live.2017.10.28\livemedia\sipclient.cpp(276): warning C4267: “初始化”: 从“size_t”转换到“unsigned int”，可能丢失数据
d:\studydir\1_streammedia\live555\live.2017.10.28\livemedia\sipclient.cpp(290): warning C4267: “=”: 从“size_t”转换到“unsigned int”，可能丢失数据
d:\studydir\1_streammedia\live555\live.2017.10.28\livemedia\sipclient.cpp(539): warning C4267: “=”: 从“size_t”转换到“unsigned int”，可能丢失数据
d:\studydir\1_streammedia\live555\live.2017.10.28\livemedia\sipclient.cpp(565): warning C4244: “初始化”: 从“__int64”转换到“unsigned int”，可能丢失数据
d:\studydir\1_streammedia\live555\live.2017.10.28\livemedia\sipclient.cpp(621): warning C4267: “=”: 从“size_t”转换到“unsigned int”，可能丢失数据
d:\studydir\1_streammedia\live555\live.2017.10.28\livemedia\sipclient.cpp(664): warning C4267: “初始化”: 从“size_t”转换到“unsigned int”，可能丢失数据
d:\studydir\1_streammedia\live555\live.2017.10.28\livemedia\sipclient.cpp(674): warning C4267: “参数”: 从“size_t”转换到“unsigned int”，可能丢失数据
d:\studydir\1_streammedia\live555\live.2017.10.28\livemedia\sipclient.cpp(706): warning C4267: “初始化”: 从“size_t”转换到“unsigned int”，可能丢失数据
d:\studydir\1_streammedia\live555\live.2017.10.28\livemedia\sipclient.cpp(716): warning C4267: “参数”: 从“size_t”转换到“unsigned int”，可能丢失数据
d:\studydir\1_streammedia\live555\live.2017.10.28\livemedia\sipclient.cpp(877): warning C4267: “初始化”: 从“size_t”转换到“unsigned int”，可能丢失数据
  SimpleRTPSource.cpp
  SimpleRTPSink.cpp
  正在生成代码...
  正在编译...
  ServerMediaSession.cpp
d:\studydir\1_streammedia\live555\live.2017.10.28\livemedia\servermediasession.cpp(213): warning C4267: “初始化”: 从“size_t”转换到“unsigned int”，可能丢失数据
d:\studydir\1_streammedia\live555\live.2017.10.28\livemedia\servermediasession.cpp(221): warning C4267: “初始化”: 从“size_t”转换到“unsigned int”，可能丢失数据
d:\studydir\1_streammedia\live555\live.2017.10.28\livemedia\servermediasession.cpp(221): warning C4267: “初始化”: 从“size_t”转换到“const unsigned int”，可能丢失数据
d:\studydir\1_streammedia\live555\live.2017.10.28\livemedia\servermediasession.cpp(242): warning C4267: “+=”: 从“size_t”转换到“unsigned int”，可能丢失数据
d:\studydir\1_streammedia\live555\live.2017.10.28\livemedia\servermediasession.cpp(281): warning C4267: “+=”: 从“size_t”转换到“unsigned int”，可能丢失数据
d:\studydir\1_streammedia\live555\live.2017.10.28\livemedia\servermediasession.cpp(304): warning C4267: “初始化”: 从“size_t”转换到“unsigned int”，可能丢失数据
  RTSPServerSupportingHTTPStreaming.cpp
d:\studydir\1_streammedia\live555\live.2017.10.28\livemedia\rtspserversupportinghttpstreaming.cpp(145): warning C4267: “参数”: 从“size_t”转换到“int”，可能丢失数据
d:\studydir\1_streammedia\live555\live.2017.10.28\livemedia\rtspserversupportinghttpstreaming.cpp(189): warning C4267: “初始化”: 从“size_t”转换到“unsigned int”，可能丢失数据
d:\studydir\1_streammedia\live555\live.2017.10.28\livemedia\rtspserversupportinghttpstreaming.cpp(189): warning C4267: “初始化”: 从“size_t”转换到“const unsigned int”，可能丢失数据
d:\studydir\1_streammedia\live555\live.2017.10.28\livemedia\rtspserversupportinghttpstreaming.cpp(194): warning C4267: “初始化”: 从“size_t”转换到“unsigned int”，可能丢失数据
d:\studydir\1_streammedia\live555\live.2017.10.28\livemedia\rtspserversupportinghttpstreaming.cpp(194): warning C4267: “初始化”: 从“size_t”转换到“const unsigned int”，可能丢失数据
d:\studydir\1_streammedia\live555\live.2017.10.28\livemedia\rtspserversupportinghttpstreaming.cpp(198): warning C4267: “初始化”: 从“size_t”转换到“unsigned int”，可能丢失数据
d:\studydir\1_streammedia\live555\live.2017.10.28\livemedia\rtspserversupportinghttpstreaming.cpp(198): warning C4267: “初始化”: 从“size_t”转换到“const unsigned int”，可能丢失数据
d:\studydir\1_streammedia\live555\live.2017.10.28\livemedia\rtspserversupportinghttpstreaming.cpp(226): warning C4244: “初始化”: 从“__int64”转换到“unsigned int”，可能丢失数据
d:\studydir\1_streammedia\live555\live.2017.10.28\livemedia\rtspserversupportinghttpstreaming.cpp(243): warning C4267: “参数”: 从“size_t”转换到“int”，可能丢失数据
  RTSPServerRegister.cpp
  RTSPServer.cpp
d:\studydir\1_streammedia\live555\live.2017.10.28\livemedia\rtspserver.cpp(203): warning C4312: “类型转换”: 从“int”转换到更大的“const char *”
d:\studydir\1_streammedia\live555\live.2017.10.28\livemedia\rtspserver.cpp(206): warning C4312: “类型转换”: 从“int”转换到更大的“const char *”
d:\studydir\1_streammedia\live555\live.2017.10.28\livemedia\rtspserver.cpp(213): warning C4312: “类型转换”: 从“int”转换到更大的“const char *”
d:\studydir\1_streammedia\live555\live.2017.10.28\livemedia\rtspserver.cpp(234): warning C4312: “类型转换”: 从“int”转换到更大的“const char *”
d:\studydir\1_streammedia\live555\live.2017.10.28\livemedia\rtspserver.cpp(237): warning C4312: “类型转换”: 从“int”转换到更大的“const char *”
d:\studydir\1_streammedia\live555\live.2017.10.28\livemedia\rtspserver.cpp(250): warning C4312: “类型转换”: 从“int”转换到更大的“const char *”
d:\studydir\1_streammedia\live555\live.2017.10.28\livemedia\rtspserver.cpp(264): warning C4312: “类型转换”: 从“int”转换到更大的“const char *”
d:\studydir\1_streammedia\live555\live.2017.10.28\livemedia\rtspserver.cpp(352): warning C4267: “初始化”: 从“size_t”转换到“unsigned int”，可能丢失数据
d:\studydir\1_streammedia\live555\live.2017.10.28\livemedia\rtspserver.cpp(386): warning C4267: “初始化”: 从“size_t”转换到“unsigned int”，可能丢失数据
d:\studydir\1_streammedia\live555\live.2017.10.28\livemedia\rtspserver.cpp(709): warning C4244: “参数”: 从“__int64”转换到“unsigned int”，可能丢失数据
d:\studydir\1_streammedia\live555\live.2017.10.28\livemedia\rtspserver.cpp(845): warning C4244: “初始化”: 从“__int64”转换到“unsigned int”，可能丢失数据
d:\studydir\1_streammedia\live555\live.2017.10.28\livemedia\rtspserver.cpp(868): warning C4267: “参数”: 从“size_t”转换到“int”，可能丢失数据
d:\studydir\1_streammedia\live555\live.2017.10.28\livemedia\rtspserver.cpp(878): warning C4244: “初始化”: 从“__int64”转换到“unsigned int”，可能丢失数据
d:\studydir\1_streammedia\live555\live.2017.10.28\livemedia\rtspserver.cpp(1050): warning C4267: “初始化”: 从“size_t”转换到“unsigned int”，可能丢失数据
d:\studydir\1_streammedia\live555\live.2017.10.28\livemedia\rtspserver.cpp(1050): warning C4267: “初始化”: 从“size_t”转换到“const unsigned int”，可能丢失数据
d:\studydir\1_streammedia\live555\live.2017.10.28\livemedia\rtspserver.cpp(1068): warning C4267: “初始化”: 从“size_t”转换到“unsigned int”，可能丢失数据
d:\studydir\1_streammedia\live555\live.2017.10.28\livemedia\rtspserver.cpp(1068): warning C4267: “初始化”: 从“size_t”转换到“const unsigned int”，可能丢失数据
d:\studydir\1_streammedia\live555\live.2017.10.28\livemedia\rtspserver.cpp(1536): warning C4267: “初始化”: 从“size_t”转换到“unsigned int”，可能丢失数据
d:\studydir\1_streammedia\live555\live.2017.10.28\livemedia\rtspserver.cpp(1536): warning C4267: “初始化”: 从“size_t”转换到“const unsigned int”，可能丢失数据
d:\studydir\1_streammedia\live555\live.2017.10.28\livemedia\rtspserver.cpp(1597): warning C4267: “初始化”: 从“size_t”转换到“unsigned int”，可能丢失数据
d:\studydir\1_streammedia\live555\live.2017.10.28\livemedia\rtspserver.cpp(1660): warning C4267: “初始化”: 从“size_t”转换到“unsigned int”，可能丢失数据
d:\studydir\1_streammedia\live555\live.2017.10.28\livemedia\rtspserver.cpp(1763): warning C4267: “初始化”: 从“size_t”转换到“unsigned int”，可能丢失数据
d:\studydir\1_streammedia\live555\live.2017.10.28\livemedia\rtspserver.cpp(1778): warning C4267: “初始化”: 从“size_t”转换到“unsigned int”，可能丢失数据
  RTSPRegisterSender.cpp
d:\studydir\1_streammedia\live555\live.2017.10.28\livemedia\rtspregistersender.cpp(36): warning C4267: “初始化”: 从“size_t”转换到“unsigned int”，可能丢失数据
d:\studydir\1_streammedia\live555\live.2017.10.28\livemedia\rtspregistersender.cpp(120): warning C4267: “初始化”: 从“size_t”转换到“unsigned int”，可能丢失数据
d:\studydir\1_streammedia\live555\live.2017.10.28\livemedia\rtspregistersender.cpp(126): warning C4267: “初始化”: 从“size_t”转换到“unsigned int”，可能丢失数据
d:\studydir\1_streammedia\live555\live.2017.10.28\livemedia\rtspregistersender.cpp(200): warning C4267: “初始化”: 从“size_t”转换到“unsigned int”，可能丢失数据
d:\studydir\1_streammedia\live555\live.2017.10.28\livemedia\rtspregistersender.cpp(206): warning C4267: “初始化”: 从“size_t”转换到“unsigned int”，可能丢失数据
  RTSPCommon.cpp
d:\studydir\1_streammedia\live555\live.2017.10.28\livemedia\rtspcommon.cpp(312): warning C4267: “初始化”: 从“size_t”转换到“unsigned int”，可能丢失数据
d:\studydir\1_streammedia\live555\live.2017.10.28\livemedia\rtspcommon.cpp(312): warning C4267: “初始化”: 从“size_t”转换到“const unsigned int”，可能丢失数据
  RTSPClient.cpp
d:\studydir\1_streammedia\live555\live.2017.10.28\livemedia\rtspclient.cpp(148): warning C4267: “初始化”: 从“size_t”转换到“unsigned int”，可能丢失数据
d:\studydir\1_streammedia\live555\live.2017.10.28\livemedia\rtspclient.cpp(280): warning C4244: “初始化”: 从“__int64”转换到“unsigned int”，可能丢失数据
d:\studydir\1_streammedia\live555\live.2017.10.28\livemedia\rtspclient.cpp(286): warning C4244: “初始化”: 从“__int64”转换到“unsigned int”，可能丢失数据
d:\studydir\1_streammedia\live555\live.2017.10.28\livemedia\rtspclient.cpp(349): warning C4267: “初始化”: 从“size_t”转换到“unsigned int”，可能丢失数据
d:\studydir\1_streammedia\live555\live.2017.10.28\livemedia\rtspclient.cpp(349): warning C4267: “初始化”: 从“size_t”转换到“const unsigned int”，可能丢失数据
d:\studydir\1_streammedia\live555\live.2017.10.28\livemedia\rtspclient.cpp(353): warning C4267: “=”: 从“size_t”转换到“unsigned int”，可能丢失数据
d:\studydir\1_streammedia\live555\live.2017.10.28\livemedia\rtspclient.cpp(392): warning C4267: “初始化”: 从“size_t”转换到“unsigned int”，可能丢失数据
d:\studydir\1_streammedia\live555\live.2017.10.28\livemedia\rtspclient.cpp(484): warning C4267: “初始化”: 从“size_t”转换到“unsigned int”，可能丢失数据
d:\studydir\1_streammedia\live555\live.2017.10.28\livemedia\rtspclient.cpp(489): warning C4267: “初始化”: 从“size_t”转换到“unsigned int”，可能丢失数据
d:\studydir\1_streammedia\live555\live.2017.10.28\livemedia\rtspclient.cpp(513): warning C4267: “初始化”: 从“size_t”转换到“unsigned int”，可能丢失数据
d:\studydir\1_streammedia\live555\live.2017.10.28\livemedia\rtspclient.cpp(534): warning C4267: “参数”: 从“size_t”转换到“unsigned int”，可能丢失数据
d:\studydir\1_streammedia\live555\live.2017.10.28\livemedia\rtspclient.cpp(539): warning C4267: “参数”: 从“size_t”转换到“int”，可能丢失数据
d:\studydir\1_streammedia\live555\live.2017.10.28\livemedia\rtspclient.cpp(541): warning C4267: “初始化”: 从“size_t”转换到“unsigned int”，可能丢失数据
d:\studydir\1_streammedia\live555\live.2017.10.28\livemedia\rtspclient.cpp(541): warning C4267: “初始化”: 从“size_t”转换到“const unsigned int”，可能丢失数据
d:\studydir\1_streammedia\live555\live.2017.10.28\livemedia\rtspclient.cpp(703): warning C4267: “初始化”: 从“size_t”转换到“unsigned int”，可能丢失数据
d:\studydir\1_streammedia\live555\live.2017.10.28\livemedia\rtspclient.cpp(757): warning C4267: “初始化”: 从“size_t”转换到“unsigned int”，可能丢失数据
d:\studydir\1_streammedia\live555\live.2017.10.28\livemedia\rtspclient.cpp(774): warning C4267: “初始化”: 从“size_t”转换到“unsigned int”，可能丢失数据
d:\studydir\1_streammedia\live555\live.2017.10.28\livemedia\rtspclient.cpp(926): warning C4267: “初始化”: 从“size_t”转换到“unsigned int”，可能丢失数据
d:\studydir\1_streammedia\live555\live.2017.10.28\livemedia\rtspclient.cpp(935): warning C4267: “初始化”: 从“size_t”转换到“unsigned int”，可能丢失数据
d:\studydir\1_streammedia\live555\live.2017.10.28\livemedia\rtspclient.cpp(940): warning C4267: “初始化”: 从“size_t”转换到“unsigned int”，可能丢失数据
d:\studydir\1_streammedia\live555\live.2017.10.28\livemedia\rtspclient.cpp(940): warning C4267: “初始化”: 从“size_t”转换到“const unsigned int”，可能丢失数据
d:\studydir\1_streammedia\live555\live.2017.10.28\livemedia\rtspclient.cpp(1026): warning C4267: “参数”: 从“size_t”转换到“int”，可能丢失数据
d:\studydir\1_streammedia\live555\live.2017.10.28\livemedia\rtspclient.cpp(1301): warning C4267: “初始化”: 从“size_t”转换到“unsigned int”，可能丢失数据
d:\studydir\1_streammedia\live555\live.2017.10.28\livemedia\rtspclient.cpp(1321): warning C4267: “初始化”: 从“size_t”转换到“unsigned int”，可能丢失数据
d:\studydir\1_streammedia\live555\live.2017.10.28\livemedia\rtspclient.cpp(1439): warning C4267: “初始化”: 从“size_t”转换到“unsigned int”，可能丢失数据
d:\studydir\1_streammedia\live555\live.2017.10.28\livemedia\rtspclient.cpp(1745): warning C4267: “初始化”: 从“size_t”转换到“unsigned int”，可能丢失数据
d:\studydir\1_streammedia\live555\live.2017.10.28\livemedia\rtspclient.cpp(1767): warning C4244: “初始化”: 从“__int64”转换到“unsigned int”，可能丢失数据
d:\studydir\1_streammedia\live555\live.2017.10.28\livemedia\rtspclient.cpp(1794): warning C4244: “=”: 从“__int64”转换到“unsigned int”，可能丢失数据
  RTPSource.cpp
d:\studydir\1_streammedia\live555\live.2017.10.28\livemedia\rtpsource.cpp(147): warning C4312: “类型转换”: 从“long”转换到更大的“const char *”
d:\studydir\1_streammedia\live555\live.2017.10.28\livemedia\rtpsource.cpp(178): warning C4312: “类型转换”: 从“long”转换到更大的“const char *”
d:\studydir\1_streammedia\live555\live.2017.10.28\livemedia\rtpsource.cpp(183): warning C4312: “类型转换”: 从“long”转换到更大的“const char *”
  RTPSink.cpp
d:\studydir\1_streammedia\live555\live.2017.10.28\livemedia\rtpsink.cpp(148): warning C4267: “初始化”: 从“size_t”转换到“unsigned int”，可能丢失数据
d:\studydir\1_streammedia\live555\live.2017.10.28\livemedia\rtpsink.cpp(211): warning C4312: “类型转换”: 从“long”转换到更大的“const char *”
d:\studydir\1_streammedia\live555\live.2017.10.28\livemedia\rtpsink.cpp(235): warning C4312: “类型转换”: 从“long”转换到更大的“const char *”
d:\studydir\1_streammedia\live555\live.2017.10.28\livemedia\rtpsink.cpp(240): warning C4312: “类型转换”: 从“long”转换到更大的“const char *”
  RTPInterface.cpp
d:\studydir\1_streammedia\live555\live.2017.10.28\livemedia\rtpinterface.cpp(82): warning C4312: “类型转换”: 从“long”转换到更大的“const char *”
d:\studydir\1_streammedia\live555\live.2017.10.28\livemedia\rtpinterface.cpp(87): warning C4312: “类型转换”: 从“long”转换到更大的“const char *”
d:\studydir\1_streammedia\live555\live.2017.10.28\livemedia\rtpinterface.cpp(101): warning C4312: “类型转换”: 从“long”转换到更大的“const char *”
d:\studydir\1_streammedia\live555\live.2017.10.28\livemedia\rtpinterface.cpp(442): warning C4312: “类型转换”: 从“long”转换到更大的“const char *”
d:\studydir\1_streammedia\live555\live.2017.10.28\livemedia\rtpinterface.cpp(456): warning C4312: “类型转换”: 从“long”转换到更大的“const char *”
d:\studydir\1_streammedia\live555\live.2017.10.28\livemedia\rtpinterface.cpp(465): warning C4312: “类型转换”: 从“long”转换到更大的“const char *”
  RTCP.cpp
d:\studydir\1_streammedia\live555\live.2017.10.28\livemedia\rtcp.cpp(43): warning C4312: “类型转换”: 从“long”转换到更大的“char *”
d:\studydir\1_streammedia\live555\live.2017.10.28\livemedia\rtcp.cpp(54): warning C4312: “类型转换”: 从“long”转换到更大的“char *”
d:\studydir\1_streammedia\live555\live.2017.10.28\livemedia\rtcp.cpp(54): warning C4312: “类型转换”: 从“long”转换到更大的“void *”
d:\studydir\1_streammedia\live555\live.2017.10.28\livemedia\rtcp.cpp(60): warning C4312: “类型转换”: 从“long”转换到更大的“char *”
d:\studydir\1_streammedia\live555\live.2017.10.28\livemedia\rtcp.cpp(1181): warning C4267: “初始化”: 从“size_t”转换到“unsigned int”，可能丢失数据
  QuickTimeGenericRTPSource.cpp
  QuickTimeFileSink.cpp
d:\studydir\1_streammedia\live555\live.2017.10.28\livemedia\quicktimefilesink.cpp(1241): warning C4267: “初始化”: 从“size_t”转换到“unsigned int”，可能丢失数据
d:\studydir\1_streammedia\live555\live.2017.10.28\livemedia\quicktimefilesink.cpp(2210): warning C4244: “初始化”: 从“__int64”转换到“int”，可能丢失数据
d:\studydir\1_streammedia\live555\live.2017.10.28\livemedia\quicktimefilesink.cpp(2221): warning C4267: “初始化”: 从“size_t”转换到“int”，可能丢失数据
d:\studydir\1_streammedia\live555\live.2017.10.28\livemedia\quicktimefilesink.cpp(2326): warning C4267: “初始化”: 从“size_t”转换到“unsigned int”，可能丢失数据
  QCELPAudioRTPSource.cpp
  ProxyServerMediaSession.cpp
  PassiveServerMediaSubsession.cpp
d:\studydir\1_streammedia\live555\live.2017.10.28\livemedia\passiveservermediasubsession.cpp(106): warning C4267: “初始化”: 从“size_t”转换到“unsigned int”，可能丢失数据
d:\studydir\1_streammedia\live555\live.2017.10.28\livemedia\passiveservermediasubsession.cpp(165): warning C4312: “类型转换”: 从“unsigned int”转换到更大的“const char *”
d:\studydir\1_streammedia\live555\live.2017.10.28\livemedia\passiveservermediasubsession.cpp(192): warning C4312: “类型转换”: 从“unsigned int”转换到更大的“const char *”
d:\studydir\1_streammedia\live555\live.2017.10.28\livemedia\passiveservermediasubsession.cpp(219): warning C4312: “类型转换”: 从“unsigned int”转换到更大的“const char *”
d:\studydir\1_streammedia\live555\live.2017.10.28\livemedia\passiveservermediasubsession.cpp(225): warning C4312: “类型转换”: 从“unsigned int”转换到更大的“const char *”
  OutputFile.cpp
  ourMD5.cpp
  OnDemandServerMediaSubsession.cpp
d:\studydir\1_streammedia\live555\live.2017.10.28\livemedia\ondemandservermediasubsession.cpp(203): warning C4312: “类型转换”: 从“unsigned int”转换到更大的“const char *”
d:\studydir\1_streammedia\live555\live.2017.10.28\livemedia\ondemandservermediasubsession.cpp(216): warning C4312: “类型转换”: 从“unsigned int”转换到更大的“const char *”
d:\studydir\1_streammedia\live555\live.2017.10.28\livemedia\ondemandservermediasubsession.cpp(340): warning C4312: “类型转换”: 从“unsigned int”转换到更大的“const char *”
d:\studydir\1_streammedia\live555\live.2017.10.28\livemedia\ondemandservermediasubsession.cpp(342): warning C4312: “类型转换”: 从“unsigned int”转换到更大的“const char *”
d:\studydir\1_streammedia\live555\live.2017.10.28\livemedia\ondemandservermediasubsession.cpp(453): warning C4267: “初始化”: 从“size_t”转换到“unsigned int”，可能丢失数据
  OggFileSink.cpp
d:\studydir\1_streammedia\live555\live.2017.10.28\livemedia\oggfilesink.cpp(228): warning C4334: “<<”: 32 位移位的结果被隐式转换为 64 位(是否希望进行 64 位移位?)
  正在生成代码...
  正在编译...
  OggFileServerMediaSubsession.cpp
  OggFileServerDemux.cpp
  OggFileParser.cpp
d:\studydir\1_streammedia\live555\live.2017.10.28\livemedia\oggfileparser.cpp(282): warning C4244: “return”: 从“__int64”转换到“unsigned int”，可能丢失数据
  OggFile.cpp
d:\studydir\1_streammedia\live555\live.2017.10.28\livemedia\oggfile.cpp(194): warning C4312: “类型转换”: 从“u_int32_t”转换到更大的“const char *”
d:\studydir\1_streammedia\live555\live.2017.10.28\livemedia\oggfile.cpp(199): warning C4312: “类型转换”: 从“u_int32_t”转换到更大的“const char *”
d:\studydir\1_streammedia\live555\live.2017.10.28\livemedia\oggfile.cpp(251): warning C4312: “类型转换”: 从“u_int32_t”转换到更大的“const char *”
d:\studydir\1_streammedia\live555\live.2017.10.28\livemedia\oggfile.cpp(259): warning C4312: “类型转换”: 从“unsigned int”转换到更大的“const char *”
d:\studydir\1_streammedia\live555\live.2017.10.28\livemedia\oggfile.cpp(264): warning C4312: “类型转换”: 从“u_int32_t”转换到更大的“const char *”
d:\studydir\1_streammedia\live555\live.2017.10.28\livemedia\oggfile.cpp(290): warning C4312: “类型转换”: 从“u_int32_t”转换到更大的“const char *”
  OggDemuxedTrack.cpp
  MultiFramedRTPSource.cpp
d:\studydir\1_streammedia\live555\live.2017.10.28\livemedia\multiframedrtpsource.cpp(457): warning C4244: “+=”: 从“__int64”转换到“unsigned int”，可能丢失数据
  MultiFramedRTPSink.cpp
  MPEGVideoStreamParser.cpp
d:\studydir\1_streammedia\live555\live.2017.10.28\livemedia\mpegvideostreamparser.hh(114): warning C4244: “return”: 从“__int64”转换到“unsigned int”，可能丢失数据
  MPEGVideoStreamFramer.cpp
d:\studydir\1_streammedia\live555\live.2017.10.28\livemedia\mpegvideostreamparser.hh(114): warning C4244: “return”: 从“__int64”转换到“unsigned int”，可能丢失数据
  MPEG4VideoStreamFramer.cpp
d:\studydir\1_streammedia\live555\live.2017.10.28\livemedia\mpegvideostreamparser.hh(114): warning C4244: “return”: 从“__int64”转换到“unsigned int”，可能丢失数据
d:\studydir\1_streammedia\live555\live.2017.10.28\livemedia\mpeg4videostreamframer.cpp(655): warning C4312: “类型转换”: 从“u_int32_t”转换到更大的“void *”
  MPEG4VideoStreamDiscreteFramer.cpp
  MPEG4VideoFileServerMediaSubsession.cpp
  MPEG4LATMAudioRTPSource.cpp
d:\studydir\1_streammedia\live555\live.2017.10.28\livemedia\mpeg4latmaudiortpsource.cpp(202): warning C4267: “初始化”: 从“size_t”转换到“unsigned int”，可能丢失数据
d:\studydir\1_streammedia\live555\live.2017.10.28\livemedia\mpeg4latmaudiortpsource.cpp(247): warning C4267: “=”: 从“size_t”转换到“unsigned int”，可能丢失数据
  MPEG4LATMAudioRTPSink.cpp
d:\studydir\1_streammedia\live555\live.2017.10.28\livemedia\mpeg4latmaudiortpsink.cpp(40): warning C4267: “初始化”: 从“size_t”转换到“unsigned int”，可能丢失数据
  MPEG4GenericRTPSource.cpp
d:\studydir\1_streammedia\live555\live.2017.10.28\livemedia\mpeg4genericrtpsource.cpp(88): warning C4267: “初始化”: 从“size_t”转换到“unsigned int”，可能丢失数据
  MPEG4GenericRTPSink.cpp
d:\studydir\1_streammedia\live555\live.2017.10.28\livemedia\mpeg4genericrtpsink.cpp(63): warning C4267: “初始化”: 从“size_t”转换到“unsigned int”，可能丢失数据
  MPEG4ESVideoRTPSource.cpp
  MPEG4ESVideoRTPSink.cpp
d:\studydir\1_streammedia\live555\live.2017.10.28\livemedia\mpeg4esvideortpsink.cpp(128): warning C4267: “初始化”: 从“size_t”转换到“unsigned int”，可能丢失数据
  MPEG2TransportUDPServerMediaSubsession.cpp
  MPEG2TransportStreamTrickModeFilter.cpp
  正在生成代码...
  正在编译...
  MPEG2TransportStreamMultiplexor.cpp
d:\studydir\1_streammedia\live555\live.2017.10.28\livemedia\mpeg2transportstreammultiplexor.cpp(266): warning C4244: “参数”: 从“__int64”转换到“unsigned int”，可能丢失数据
d:\studydir\1_streammedia\live555\live.2017.10.28\livemedia\mpeg2transportstreammultiplexor.cpp(312): warning C4244: “初始化”: 从“__int64”转换到“unsigned int”，可能丢失数据
d:\studydir\1_streammedia\live555\live.2017.10.28\livemedia\mpeg2transportstreammultiplexor.cpp(316): warning C4244: “参数”: 从“__int64”转换到“unsigned int”，可能丢失数据
  MPEG2TransportStreamIndexFile.cpp
  MPEG2TransportStreamFromPESSource.cpp
  MPEG2TransportStreamFromESSource.cpp
  MPEG2TransportStreamFramer.cpp
d:\studydir\1_streammedia\live555\live.2017.10.28\livemedia\mpeg2transportstreamframer.cpp(233): warning C4312: “类型转换”: 从“unsigned int”转换到更大的“char *”
d:\studydir\1_streammedia\live555\live.2017.10.28\livemedia\mpeg2transportstreamframer.cpp(238): warning C4312: “类型转换”: 从“unsigned int”转换到更大的“char *”
  MPEG2TransportStreamAccumulator.cpp
  MPEG2TransportFileServerMediaSubsession.cpp
d:\studydir\1_streammedia\live555\live.2017.10.28\livemedia\mpeg2transportfileservermediasubsession.cpp(185): warning C4312: “类型转换”: 从“unsigned int”转换到更大的“const char *”
d:\studydir\1_streammedia\live555\live.2017.10.28\livemedia\mpeg2transportfileservermediasubsession.cpp(219): warning C4312: “类型转换”: 从“unsigned int”转换到更大的“const char *”
  MPEG2IndexFromTransportStream.cpp
d:\studydir\1_streammedia\live555\live.2017.10.28\livemedia\mpeg2indexfromtransportstream.cpp(620): warning C4244: “=”: 从“__int64”转换到“unsigned int”，可能丢失数据
d:\studydir\1_streammedia\live555\live.2017.10.28\livemedia\mpeg2indexfromtransportstream.cpp(625): warning C4244: “=”: 从“__int64”转换到“unsigned int”，可能丢失数据
  MPEG1or2VideoStreamFramer.cpp
d:\studydir\1_streammedia\live555\live.2017.10.28\livemedia\mpegvideostreamparser.hh(114): warning C4244: “return”: 从“__int64”转换到“unsigned int”，可能丢失数据
d:\studydir\1_streammedia\live555\live.2017.10.28\livemedia\mpeg1or2videostreamframer.cpp(205): warning C4244: “初始化”: 从“__int64”转换到“unsigned int”，可能丢失数据
d:\studydir\1_streammedia\live555\live.2017.10.28\livemedia\mpeg1or2videostreamframer.cpp(463): warning C4312: “类型转换”: 从“unsigned int”转换到更大的“void *”
  MPEG1or2VideoStreamDiscreteFramer.cpp
  MPEG1or2VideoRTPSource.cpp
  MPEG1or2VideoRTPSink.cpp
d:\studydir\1_streammedia\live555\live.2017.10.28\livemedia\mpeg1or2videortpsink.cpp(124): warning C4312: “类型转换”: 从“unsigned int”转换到更大的“void *”
  MPEG1or2VideoFileServerMediaSubsession.cpp
  MPEG1or2FileServerDemux.cpp
  MPEG1or2DemuxedServerMediaSubsession.cpp
  MPEG1or2DemuxedElementaryStream.cpp
  MPEG1or2Demux.cpp
  MPEG1or2AudioStreamFramer.cpp
  MPEG1or2AudioRTPSource.cpp
  MPEG1or2AudioRTPSink.cpp
  正在生成代码...
  正在编译...
  MP3Transcoder.cpp
  MP3StreamState.cpp
d:\studydir\1_streammedia\live555\live.2017.10.28\livemedia\mp3streamstate.cpp(390): warning C4267: “return”: 从“size_t”转换到“unsigned int”，可能丢失数据
  MP3InternalsHuffmanTable.cpp
  MP3InternalsHuffman.cpp
  MP3Internals.cpp
  MP3FileSource.cpp
  MP3AudioMatroskaFileServerMediaSubsession.cpp
  MP3AudioFileServerMediaSubsession.cpp
  MP3ADUTranscoder.cpp
  MP3ADURTPSource.cpp
  MP3ADURTPSink.cpp
  MP3ADUinterleaving.cpp
  MP3ADUdescriptor.cpp
  MP3ADU.cpp
  MediaSource.cpp
  MediaSink.cpp
  MediaSession.cpp
d:\studydir\1_streammedia\live555\live.2017.10.28\livemedia\mediasession.cpp(765): warning C4312: “类型转换”: 从“unsigned int”转换到更大的“const char *”
d:\studydir\1_streammedia\live555\live.2017.10.28\livemedia\mediasession.cpp(787): warning C4312: “类型转换”: 从“unsigned int”转换到更大的“const char *”
d:\studydir\1_streammedia\live555\live.2017.10.28\livemedia\mediasession.cpp(1114): warning C4267: “初始化”: 从“size_t”转换到“unsigned int”，可能丢失数据
d:\studydir\1_streammedia\live555\live.2017.10.28\livemedia\mediasession.cpp(1114): warning C4267: “初始化”: 从“size_t”转换到“const unsigned int”，可能丢失数据
  Media.cpp
  MatroskaFileServerMediaSubsession.cpp
  MatroskaFileServerDemux.cpp
  正在生成代码...
  正在编译...
  MatroskaFileParser.cpp
  MatroskaFile.cpp
d:\studydir\1_streammedia\live555\live.2017.10.28\livemedia\matroskafile.cpp(635): warning C4312: “类型转换”: 从“unsigned int”转换到更大的“const char *”
d:\studydir\1_streammedia\live555\live.2017.10.28\livemedia\matroskafile.cpp(636): warning C4312: “类型转换”: 从“unsigned int”转换到更大的“const char *”
d:\studydir\1_streammedia\live555\live.2017.10.28\livemedia\matroskafile.cpp(641): warning C4312: “类型转换”: 从“unsigned int”转换到更大的“const char *”
d:\studydir\1_streammedia\live555\live.2017.10.28\livemedia\matroskafile.cpp(728): warning C4312: “类型转换”: 从“unsigned int”转换到更大的“const char *”
d:\studydir\1_streammedia\live555\live.2017.10.28\livemedia\matroskafile.cpp(733): warning C4312: “类型转换”: 从“unsigned int”转换到更大的“const char *”
d:\studydir\1_streammedia\live555\live.2017.10.28\livemedia\matroskafile.cpp(737): warning C4312: “类型转换”: 从“unsigned int”转换到更大的“const char *”
  MatroskaDemuxedTrack.cpp
  Locale.cpp
  JPEGVideoSource.cpp
  JPEGVideoRTPSource.cpp
  JPEGVideoRTPSink.cpp
  InputFile.cpp
  H265VideoStreamFramer.cpp
  H265VideoStreamDiscreteFramer.cpp
  H265VideoRTPSource.cpp
  H265VideoRTPSink.cpp
d:\studydir\1_streammedia\live555\live.2017.10.28\livemedia\h265videortpsink.cpp(164): warning C4267: “初始化”: 从“size_t”转换到“unsigned int”，可能丢失数据
  H265VideoFileSink.cpp
  H265VideoFileServerMediaSubsession.cpp
  H264VideoStreamFramer.cpp
  H264VideoStreamDiscreteFramer.cpp
  H264VideoRTPSource.cpp
  H264VideoRTPSink.cpp
d:\studydir\1_streammedia\live555\live.2017.10.28\livemedia\h264videortpsink.cpp(119): warning C4267: “初始化”: 从“size_t”转换到“unsigned int”，可能丢失数据
  H264VideoFileSink.cpp
  H264VideoFileServerMediaSubsession.cpp
  正在生成代码...
  正在编译...
  H264or5VideoStreamFramer.cpp
d:\studydir\1_streammedia\live555\live.2017.10.28\livemedia\mpegvideostreamparser.hh(114): warning C4244: “return”: 从“__int64”转换到“unsigned int”，可能丢失数据
d:\studydir\1_streammedia\live555\live.2017.10.28\livemedia\h264or5videostreamframer.cpp(188): warning C4244: “初始化”: 从“__int64”转换到“unsigned int”，可能丢失数据
d:\studydir\1_streammedia\live555\live.2017.10.28\livemedia\h264or5videostreamframer.cpp(188): warning C4244: “初始化”: 从“__int64”转换到“const unsigned int”，可能丢失数据
d:\studydir\1_streammedia\live555\live.2017.10.28\livemedia\h264or5videostreamframer.cpp(670): warning C4018: “<”: 有符号/无符号不匹配
  H264or5VideoStreamDiscreteFramer.cpp
  H264or5VideoRTPSink.cpp
  H264or5VideoFileSink.cpp
  H263plusVideoStreamParser.cpp
d:\studydir\1_streammedia\live555\live.2017.10.28\livemedia\h263plusvideostreamparser.cpp(210): warning C4244: “初始化”: 从“__int64”转换到“int”，可能丢失数据
d:\studydir\1_streammedia\live555\live.2017.10.28\livemedia\h263plusvideostreamparser.cpp(200): warning C4477: “fprintf”: 格式字符串“%u”需要类型“unsigned int”的参数，但可变参数 2 拥有了类型“__int64”
  d:\studydir\1_streammedia\live555\live.2017.10.28\livemedia\h263plusvideostreamparser.cpp(200): note: 请考虑在格式字符串中使用“%llu”
  d:\studydir\1_streammedia\live555\live.2017.10.28\livemedia\h263plusvideostreamparser.cpp(200): note: 请考虑在格式字符串中使用“%Iu”
  d:\studydir\1_streammedia\live555\live.2017.10.28\livemedia\h263plusvideostreamparser.cpp(200): note: 请考虑在格式字符串中使用“%I64u”
  H263plusVideoStreamFramer.cpp
  H263plusVideoRTPSource.cpp
  H263plusVideoRTPSink.cpp
  H263plusVideoFileServerMediaSubsession.cpp
  H261VideoRTPSource.cpp
  GSMAudioRTPSink.cpp
  GenericMediaServer.cpp
d:\studydir\1_streammedia\live555\live.2017.10.28\livemedia\genericmediaserver.cpp(187): warning C4244: “初始化”: 从“SOCKET”转换到“int”，可能丢失数据
  FramedSource.cpp
  FramedFilter.cpp
  FramedFileSource.cpp
  FileSink.cpp
  FileServerMediaSubsession.cpp
  EBMLNumber.cpp
  DVVideoStreamFramer.cpp
  DVVideoRTPSource.cpp
  正在生成代码...
  正在编译...
  DVVideoRTPSink.cpp
d:\studydir\1_streammedia\live555\live.2017.10.28\livemedia\dvvideortpsink.cpp(89): warning C4267: “初始化”: 从“size_t”转换到“unsigned int”，可能丢失数据
  DVVideoFileServerMediaSubsession.cpp
  DigestAuthentication.cpp
d:\studydir\1_streammedia\live555\live.2017.10.28\livemedia\digestauthentication.cpp(116): warning C4267: “初始化”: 从“size_t”转换到“unsigned int”，可能丢失数据
d:\studydir\1_streammedia\live555\live.2017.10.28\livemedia\digestauthentication.cpp(116): warning C4267: “初始化”: 从“size_t”转换到“const unsigned int”，可能丢失数据
d:\studydir\1_streammedia\live555\live.2017.10.28\livemedia\digestauthentication.cpp(123): warning C4267: “初始化”: 从“size_t”转换到“unsigned int”，可能丢失数据
d:\studydir\1_streammedia\live555\live.2017.10.28\livemedia\digestauthentication.cpp(123): warning C4267: “初始化”: 从“size_t”转换到“const unsigned int”，可能丢失数据
d:\studydir\1_streammedia\live555\live.2017.10.28\livemedia\digestauthentication.cpp(131): warning C4267: “初始化”: 从“size_t”转换到“unsigned int”，可能丢失数据
d:\studydir\1_streammedia\live555\live.2017.10.28\livemedia\digestauthentication.cpp(131): warning C4267: “初始化”: 从“size_t”转换到“const unsigned int”，可能丢失数据
  DeviceSource.cpp
d:\studydir\1_streammedia\live555\live.2017.10.28\livemedia\devicesource.cpp(125): warning C4312: “类型转换”: 从“unsigned int”转换到更大的“u_int8_t *”
  ByteStreamMultiFileSource.cpp
  ByteStreamMemoryBufferSource.cpp
  ByteStreamFileSource.cpp
d:\studydir\1_streammedia\live555\live.2017.10.28\livemedia\bytestreamfilesource.cpp(138): warning C4267: “=”: 从“size_t”转换到“unsigned int”，可能丢失数据
  BitVector.cpp
  BasicUDPSource.cpp
  BasicUDPSink.cpp
  Base64.cpp
d:\studydir\1_streammedia\live555\live.2017.10.28\livemedia\base64.cpp(43): warning C4267: “参数”: 从“size_t”转换到“unsigned int”，可能丢失数据
  AVIFileSink.cpp
  AudioRTPSink.cpp
  AudioInputDevice.cpp
  AMRAudioSource.cpp
  AMRAudioRTPSource.cpp
  AMRAudioRTPSink.cpp
  AMRAudioFileSource.cpp
d:\studydir\1_streammedia\live555\live.2017.10.28\livemedia\amraudiofilesource.cpp(156): warning C4267: “=”: 从“size_t”转换到“unsigned int”，可能丢失数据
  AMRAudioFileSink.cpp
d:\studydir\1_streammedia\live555\live.2017.10.28\livemedia\amraudiofilesink.cpp(79): warning C4267: “初始化”: 从“size_t”转换到“unsigned int”，可能丢失数据
  AMRAudioFileServerMediaSubsession.cpp
  正在生成代码...
  正在编译...
  ADTSAudioFileSource.cpp
d:\studydir\1_streammedia\live555\live.2017.10.28\livemedia\adtsaudiofilesource.cpp(150): warning C4267: “初始化”: 从“size_t”转换到“int”，可能丢失数据
  ADTSAudioFileServerMediaSubsession.cpp
  AC3AudioStreamFramer.cpp
  AC3AudioRTPSource.cpp
  AC3AudioRTPSink.cpp
  AC3AudioFileServerMediaSubsession.cpp
  正在生成代码...
  rtcp_from_spec.c
  liveMedia.vcxproj -> D:\StudyDir\1_StreamMedia\live555\live.2017.10.28\Live555Project\x64\Debug\liveMedia.lib
