f:\workdir\3_stream_media\source_codes\live.2016.11.28\vs2013_live555\livemedia\x64\debug\vc120.pdb
f:\workdir\3_stream_media\source_codes\live.2016.11.28\vs2013_live555\livemedia\x64\debug\vc120.idb
f:\workdir\3_stream_media\source_codes\live.2016.11.28\vs2013_live555\livemedia\x64\debug\simplertpsink.obj
f:\workdir\3_stream_media\source_codes\live.2016.11.28\vs2013_live555\livemedia\x64\debug\simplertpsource.obj
f:\workdir\3_stream_media\source_codes\live.2016.11.28\vs2013_live555\livemedia\x64\debug\sipclient.obj
f:\workdir\3_stream_media\source_codes\live.2016.11.28\vs2013_live555\livemedia\x64\debug\streamparser.obj
f:\workdir\3_stream_media\source_codes\live.2016.11.28\vs2013_live555\livemedia\x64\debug\streamreplicator.obj
f:\workdir\3_stream_media\source_codes\live.2016.11.28\vs2013_live555\livemedia\x64\debug\t140textrtpsink.obj
f:\workdir\3_stream_media\source_codes\live.2016.11.28\vs2013_live555\livemedia\x64\debug\tcpstreamsink.obj
f:\workdir\3_stream_media\source_codes\live.2016.11.28\vs2013_live555\livemedia\x64\debug\textrtpsink.obj
f:\workdir\3_stream_media\source_codes\live.2016.11.28\vs2013_live555\livemedia\x64\debug\theoravideortpsink.obj
f:\workdir\3_stream_media\source_codes\live.2016.11.28\vs2013_live555\livemedia\x64\debug\theoravideortpsource.obj
f:\workdir\3_stream_media\source_codes\live.2016.11.28\vs2013_live555\livemedia\x64\debug\ulawaudiofilter.obj
f:\workdir\3_stream_media\source_codes\live.2016.11.28\vs2013_live555\livemedia\x64\debug\videortpsink.obj
f:\workdir\3_stream_media\source_codes\live.2016.11.28\vs2013_live555\livemedia\x64\debug\vorbisaudiortpsink.obj
f:\workdir\3_stream_media\source_codes\live.2016.11.28\vs2013_live555\livemedia\x64\debug\vorbisaudiortpsource.obj
f:\workdir\3_stream_media\source_codes\live.2016.11.28\vs2013_live555\livemedia\x64\debug\vp8videortpsink.obj
f:\workdir\3_stream_media\source_codes\live.2016.11.28\vs2013_live555\livemedia\x64\debug\vp8videortpsource.obj
f:\workdir\3_stream_media\source_codes\live.2016.11.28\vs2013_live555\livemedia\x64\debug\vp9videortpsink.obj
f:\workdir\3_stream_media\source_codes\live.2016.11.28\vs2013_live555\livemedia\x64\debug\vp9videortpsource.obj
f:\workdir\3_stream_media\source_codes\live.2016.11.28\vs2013_live555\livemedia\x64\debug\wavaudiofileservermediasubsession.obj
f:\workdir\3_stream_media\source_codes\live.2016.11.28\vs2013_live555\livemedia\x64\debug\wavaudiofilesource.obj
f:\workdir\3_stream_media\source_codes\live.2016.11.28\vs2013_live555\livemedia\x64\debug\oggfilesink.obj
f:\workdir\3_stream_media\source_codes\live.2016.11.28\vs2013_live555\livemedia\x64\debug\ondemandservermediasubsession.obj
f:\workdir\3_stream_media\source_codes\live.2016.11.28\vs2013_live555\livemedia\x64\debug\ourmd5.obj
f:\workdir\3_stream_media\source_codes\live.2016.11.28\vs2013_live555\livemedia\x64\debug\outputfile.obj
f:\workdir\3_stream_media\source_codes\live.2016.11.28\vs2013_live555\livemedia\x64\debug\passiveservermediasubsession.obj
f:\workdir\3_stream_media\source_codes\live.2016.11.28\vs2013_live555\livemedia\x64\debug\proxyservermediasession.obj
f:\workdir\3_stream_media\source_codes\live.2016.11.28\vs2013_live555\livemedia\x64\debug\qcelpaudiortpsource.obj
f:\workdir\3_stream_media\source_codes\live.2016.11.28\vs2013_live555\livemedia\x64\debug\quicktimefilesink.obj
f:\workdir\3_stream_media\source_codes\live.2016.11.28\vs2013_live555\livemedia\x64\debug\quicktimegenericrtpsource.obj
f:\workdir\3_stream_media\source_codes\live.2016.11.28\vs2013_live555\livemedia\x64\debug\rtcp.obj
f:\workdir\3_stream_media\source_codes\live.2016.11.28\vs2013_live555\livemedia\x64\debug\rtpinterface.obj
f:\workdir\3_stream_media\source_codes\live.2016.11.28\vs2013_live555\livemedia\x64\debug\rtpsink.obj
f:\workdir\3_stream_media\source_codes\live.2016.11.28\vs2013_live555\livemedia\x64\debug\rtpsource.obj
f:\workdir\3_stream_media\source_codes\live.2016.11.28\vs2013_live555\livemedia\x64\debug\rtspclient.obj
f:\workdir\3_stream_media\source_codes\live.2016.11.28\vs2013_live555\livemedia\x64\debug\rtspcommon.obj
f:\workdir\3_stream_media\source_codes\live.2016.11.28\vs2013_live555\livemedia\x64\debug\rtspregistersender.obj
f:\workdir\3_stream_media\source_codes\live.2016.11.28\vs2013_live555\livemedia\x64\debug\rtspserver.obj
f:\workdir\3_stream_media\source_codes\live.2016.11.28\vs2013_live555\livemedia\x64\debug\rtspserverregister.obj
f:\workdir\3_stream_media\source_codes\live.2016.11.28\vs2013_live555\livemedia\x64\debug\rtspserversupportinghttpstreaming.obj
f:\workdir\3_stream_media\source_codes\live.2016.11.28\vs2013_live555\livemedia\x64\debug\servermediasession.obj
f:\workdir\3_stream_media\source_codes\live.2016.11.28\vs2013_live555\livemedia\x64\debug\mpeg2transportstreamtrickmodefilter.obj
f:\workdir\3_stream_media\source_codes\live.2016.11.28\vs2013_live555\livemedia\x64\debug\mpeg2transportudpservermediasubsession.obj
f:\workdir\3_stream_media\source_codes\live.2016.11.28\vs2013_live555\livemedia\x64\debug\mpeg4esvideortpsink.obj
f:\workdir\3_stream_media\source_codes\live.2016.11.28\vs2013_live555\livemedia\x64\debug\mpeg4esvideortpsource.obj
f:\workdir\3_stream_media\source_codes\live.2016.11.28\vs2013_live555\livemedia\x64\debug\mpeg4genericrtpsink.obj
f:\workdir\3_stream_media\source_codes\live.2016.11.28\vs2013_live555\livemedia\x64\debug\mpeg4genericrtpsource.obj
f:\workdir\3_stream_media\source_codes\live.2016.11.28\vs2013_live555\livemedia\x64\debug\mpeg4latmaudiortpsink.obj
f:\workdir\3_stream_media\source_codes\live.2016.11.28\vs2013_live555\livemedia\x64\debug\mpeg4latmaudiortpsource.obj
f:\workdir\3_stream_media\source_codes\live.2016.11.28\vs2013_live555\livemedia\x64\debug\mpeg4videofileservermediasubsession.obj
f:\workdir\3_stream_media\source_codes\live.2016.11.28\vs2013_live555\livemedia\x64\debug\mpeg4videostreamdiscreteframer.obj
f:\workdir\3_stream_media\source_codes\live.2016.11.28\vs2013_live555\livemedia\x64\debug\mpeg4videostreamframer.obj
f:\workdir\3_stream_media\source_codes\live.2016.11.28\vs2013_live555\livemedia\x64\debug\mpegvideostreamframer.obj
f:\workdir\3_stream_media\source_codes\live.2016.11.28\vs2013_live555\livemedia\x64\debug\mpegvideostreamparser.obj
f:\workdir\3_stream_media\source_codes\live.2016.11.28\vs2013_live555\livemedia\x64\debug\multiframedrtpsink.obj
f:\workdir\3_stream_media\source_codes\live.2016.11.28\vs2013_live555\livemedia\x64\debug\multiframedrtpsource.obj
f:\workdir\3_stream_media\source_codes\live.2016.11.28\vs2013_live555\livemedia\x64\debug\oggdemuxedtrack.obj
f:\workdir\3_stream_media\source_codes\live.2016.11.28\vs2013_live555\livemedia\x64\debug\oggfile.obj
f:\workdir\3_stream_media\source_codes\live.2016.11.28\vs2013_live555\livemedia\x64\debug\oggfileparser.obj
f:\workdir\3_stream_media\source_codes\live.2016.11.28\vs2013_live555\livemedia\x64\debug\oggfileserverdemux.obj
f:\workdir\3_stream_media\source_codes\live.2016.11.28\vs2013_live555\livemedia\x64\debug\oggfileservermediasubsession.obj
f:\workdir\3_stream_media\source_codes\live.2016.11.28\vs2013_live555\livemedia\x64\debug\mpeg1or2audiortpsink.obj
f:\workdir\3_stream_media\source_codes\live.2016.11.28\vs2013_live555\livemedia\x64\debug\mpeg1or2audiortpsource.obj
f:\workdir\3_stream_media\source_codes\live.2016.11.28\vs2013_live555\livemedia\x64\debug\mpeg1or2audiostreamframer.obj
f:\workdir\3_stream_media\source_codes\live.2016.11.28\vs2013_live555\livemedia\x64\debug\mpeg1or2demux.obj
f:\workdir\3_stream_media\source_codes\live.2016.11.28\vs2013_live555\livemedia\x64\debug\mpeg1or2demuxedelementarystream.obj
f:\workdir\3_stream_media\source_codes\live.2016.11.28\vs2013_live555\livemedia\x64\debug\mpeg1or2demuxedservermediasubsession.obj
f:\workdir\3_stream_media\source_codes\live.2016.11.28\vs2013_live555\livemedia\x64\debug\mpeg1or2fileserverdemux.obj
f:\workdir\3_stream_media\source_codes\live.2016.11.28\vs2013_live555\livemedia\x64\debug\mpeg1or2videofileservermediasubsession.obj
f:\workdir\3_stream_media\source_codes\live.2016.11.28\vs2013_live555\livemedia\x64\debug\mpeg1or2videortpsink.obj
f:\workdir\3_stream_media\source_codes\live.2016.11.28\vs2013_live555\livemedia\x64\debug\mpeg1or2videortpsource.obj
f:\workdir\3_stream_media\source_codes\live.2016.11.28\vs2013_live555\livemedia\x64\debug\mpeg1or2videostreamdiscreteframer.obj
f:\workdir\3_stream_media\source_codes\live.2016.11.28\vs2013_live555\livemedia\x64\debug\mpeg1or2videostreamframer.obj
f:\workdir\3_stream_media\source_codes\live.2016.11.28\vs2013_live555\livemedia\x64\debug\mpeg2indexfromtransportstream.obj
f:\workdir\3_stream_media\source_codes\live.2016.11.28\vs2013_live555\livemedia\x64\debug\mpeg2transportfileservermediasubsession.obj
f:\workdir\3_stream_media\source_codes\live.2016.11.28\vs2013_live555\livemedia\x64\debug\mpeg2transportstreamaccumulator.obj
f:\workdir\3_stream_media\source_codes\live.2016.11.28\vs2013_live555\livemedia\x64\debug\mpeg2transportstreamframer.obj
f:\workdir\3_stream_media\source_codes\live.2016.11.28\vs2013_live555\livemedia\x64\debug\mpeg2transportstreamfromessource.obj
f:\workdir\3_stream_media\source_codes\live.2016.11.28\vs2013_live555\livemedia\x64\debug\mpeg2transportstreamfrompessource.obj
f:\workdir\3_stream_media\source_codes\live.2016.11.28\vs2013_live555\livemedia\x64\debug\mpeg2transportstreamindexfile.obj
f:\workdir\3_stream_media\source_codes\live.2016.11.28\vs2013_live555\livemedia\x64\debug\mpeg2transportstreammultiplexor.obj
f:\workdir\3_stream_media\source_codes\live.2016.11.28\vs2013_live555\livemedia\x64\debug\matroskafileserverdemux.obj
f:\workdir\3_stream_media\source_codes\live.2016.11.28\vs2013_live555\livemedia\x64\debug\matroskafileservermediasubsession.obj
f:\workdir\3_stream_media\source_codes\live.2016.11.28\vs2013_live555\livemedia\x64\debug\media.obj
f:\workdir\3_stream_media\source_codes\live.2016.11.28\vs2013_live555\livemedia\x64\debug\mediasession.obj
f:\workdir\3_stream_media\source_codes\live.2016.11.28\vs2013_live555\livemedia\x64\debug\mediasink.obj
f:\workdir\3_stream_media\source_codes\live.2016.11.28\vs2013_live555\livemedia\x64\debug\mediasource.obj
f:\workdir\3_stream_media\source_codes\live.2016.11.28\vs2013_live555\livemedia\x64\debug\mp3adu.obj
f:\workdir\3_stream_media\source_codes\live.2016.11.28\vs2013_live555\livemedia\x64\debug\mp3adudescriptor.obj
f:\workdir\3_stream_media\source_codes\live.2016.11.28\vs2013_live555\livemedia\x64\debug\mp3aduinterleaving.obj
f:\workdir\3_stream_media\source_codes\live.2016.11.28\vs2013_live555\livemedia\x64\debug\mp3adurtpsink.obj
f:\workdir\3_stream_media\source_codes\live.2016.11.28\vs2013_live555\livemedia\x64\debug\mp3adurtpsource.obj
f:\workdir\3_stream_media\source_codes\live.2016.11.28\vs2013_live555\livemedia\x64\debug\mp3adutranscoder.obj
f:\workdir\3_stream_media\source_codes\live.2016.11.28\vs2013_live555\livemedia\x64\debug\mp3audiofileservermediasubsession.obj
f:\workdir\3_stream_media\source_codes\live.2016.11.28\vs2013_live555\livemedia\x64\debug\mp3audiomatroskafileservermediasubsession.obj
f:\workdir\3_stream_media\source_codes\live.2016.11.28\vs2013_live555\livemedia\x64\debug\mp3filesource.obj
f:\workdir\3_stream_media\source_codes\live.2016.11.28\vs2013_live555\livemedia\x64\debug\mp3internals.obj
f:\workdir\3_stream_media\source_codes\live.2016.11.28\vs2013_live555\livemedia\x64\debug\mp3internalshuffman.obj
f:\workdir\3_stream_media\source_codes\live.2016.11.28\vs2013_live555\livemedia\x64\debug\mp3internalshuffmantable.obj
f:\workdir\3_stream_media\source_codes\live.2016.11.28\vs2013_live555\livemedia\x64\debug\mp3streamstate.obj
f:\workdir\3_stream_media\source_codes\live.2016.11.28\vs2013_live555\livemedia\x64\debug\mp3transcoder.obj
f:\workdir\3_stream_media\source_codes\live.2016.11.28\vs2013_live555\livemedia\x64\debug\h264videofileservermediasubsession.obj
f:\workdir\3_stream_media\source_codes\live.2016.11.28\vs2013_live555\livemedia\x64\debug\h264videofilesink.obj
f:\workdir\3_stream_media\source_codes\live.2016.11.28\vs2013_live555\livemedia\x64\debug\h264videortpsink.obj
f:\workdir\3_stream_media\source_codes\live.2016.11.28\vs2013_live555\livemedia\x64\debug\h264videortpsource.obj
f:\workdir\3_stream_media\source_codes\live.2016.11.28\vs2013_live555\livemedia\x64\debug\h264videostreamdiscreteframer.obj
f:\workdir\3_stream_media\source_codes\live.2016.11.28\vs2013_live555\livemedia\x64\debug\h264videostreamframer.obj
f:\workdir\3_stream_media\source_codes\live.2016.11.28\vs2013_live555\livemedia\x64\debug\h265videofileservermediasubsession.obj
f:\workdir\3_stream_media\source_codes\live.2016.11.28\vs2013_live555\livemedia\x64\debug\h265videofilesink.obj
f:\workdir\3_stream_media\source_codes\live.2016.11.28\vs2013_live555\livemedia\x64\debug\h265videortpsink.obj
f:\workdir\3_stream_media\source_codes\live.2016.11.28\vs2013_live555\livemedia\x64\debug\h265videortpsource.obj
f:\workdir\3_stream_media\source_codes\live.2016.11.28\vs2013_live555\livemedia\x64\debug\h265videostreamdiscreteframer.obj
f:\workdir\3_stream_media\source_codes\live.2016.11.28\vs2013_live555\livemedia\x64\debug\h265videostreamframer.obj
f:\workdir\3_stream_media\source_codes\live.2016.11.28\vs2013_live555\livemedia\x64\debug\inputfile.obj
f:\workdir\3_stream_media\source_codes\live.2016.11.28\vs2013_live555\livemedia\x64\debug\jpegvideortpsink.obj
f:\workdir\3_stream_media\source_codes\live.2016.11.28\vs2013_live555\livemedia\x64\debug\jpegvideortpsource.obj
f:\workdir\3_stream_media\source_codes\live.2016.11.28\vs2013_live555\livemedia\x64\debug\jpegvideosource.obj
f:\workdir\3_stream_media\source_codes\live.2016.11.28\vs2013_live555\livemedia\x64\debug\locale.obj
f:\workdir\3_stream_media\source_codes\live.2016.11.28\vs2013_live555\livemedia\x64\debug\matroskademuxedtrack.obj
f:\workdir\3_stream_media\source_codes\live.2016.11.28\vs2013_live555\livemedia\x64\debug\matroskafile.obj
f:\workdir\3_stream_media\source_codes\live.2016.11.28\vs2013_live555\livemedia\x64\debug\matroskafileparser.obj
f:\workdir\3_stream_media\source_codes\live.2016.11.28\vs2013_live555\livemedia\x64\debug\dvvideortpsource.obj
f:\workdir\3_stream_media\source_codes\live.2016.11.28\vs2013_live555\livemedia\x64\debug\dvvideostreamframer.obj
f:\workdir\3_stream_media\source_codes\live.2016.11.28\vs2013_live555\livemedia\x64\debug\ebmlnumber.obj
f:\workdir\3_stream_media\source_codes\live.2016.11.28\vs2013_live555\livemedia\x64\debug\fileservermediasubsession.obj
f:\workdir\3_stream_media\source_codes\live.2016.11.28\vs2013_live555\livemedia\x64\debug\filesink.obj
f:\workdir\3_stream_media\source_codes\live.2016.11.28\vs2013_live555\livemedia\x64\debug\framedfilesource.obj
f:\workdir\3_stream_media\source_codes\live.2016.11.28\vs2013_live555\livemedia\x64\debug\framedfilter.obj
f:\workdir\3_stream_media\source_codes\live.2016.11.28\vs2013_live555\livemedia\x64\debug\framedsource.obj
f:\workdir\3_stream_media\source_codes\live.2016.11.28\vs2013_live555\livemedia\x64\debug\genericmediaserver.obj
f:\workdir\3_stream_media\source_codes\live.2016.11.28\vs2013_live555\livemedia\x64\debug\gsmaudiortpsink.obj
f:\workdir\3_stream_media\source_codes\live.2016.11.28\vs2013_live555\livemedia\x64\debug\h261videortpsource.obj
f:\workdir\3_stream_media\source_codes\live.2016.11.28\vs2013_live555\livemedia\x64\debug\h263plusvideofileservermediasubsession.obj
f:\workdir\3_stream_media\source_codes\live.2016.11.28\vs2013_live555\livemedia\x64\debug\h263plusvideortpsink.obj
f:\workdir\3_stream_media\source_codes\live.2016.11.28\vs2013_live555\livemedia\x64\debug\h263plusvideortpsource.obj
f:\workdir\3_stream_media\source_codes\live.2016.11.28\vs2013_live555\livemedia\x64\debug\h263plusvideostreamframer.obj
f:\workdir\3_stream_media\source_codes\live.2016.11.28\vs2013_live555\livemedia\x64\debug\h263plusvideostreamparser.obj
f:\workdir\3_stream_media\source_codes\live.2016.11.28\vs2013_live555\livemedia\x64\debug\h264or5videofilesink.obj
f:\workdir\3_stream_media\source_codes\live.2016.11.28\vs2013_live555\livemedia\x64\debug\h264or5videortpsink.obj
f:\workdir\3_stream_media\source_codes\live.2016.11.28\vs2013_live555\livemedia\x64\debug\h264or5videostreamdiscreteframer.obj
f:\workdir\3_stream_media\source_codes\live.2016.11.28\vs2013_live555\livemedia\x64\debug\h264or5videostreamframer.obj
f:\workdir\3_stream_media\source_codes\live.2016.11.28\vs2013_live555\livemedia\x64\debug\amraudiofileservermediasubsession.obj
f:\workdir\3_stream_media\source_codes\live.2016.11.28\vs2013_live555\livemedia\x64\debug\amraudiofilesink.obj
f:\workdir\3_stream_media\source_codes\live.2016.11.28\vs2013_live555\livemedia\x64\debug\amraudiofilesource.obj
f:\workdir\3_stream_media\source_codes\live.2016.11.28\vs2013_live555\livemedia\x64\debug\amraudiortpsink.obj
f:\workdir\3_stream_media\source_codes\live.2016.11.28\vs2013_live555\livemedia\x64\debug\amraudiortpsource.obj
f:\workdir\3_stream_media\source_codes\live.2016.11.28\vs2013_live555\livemedia\x64\debug\amraudiosource.obj
f:\workdir\3_stream_media\source_codes\live.2016.11.28\vs2013_live555\livemedia\x64\debug\audioinputdevice.obj
f:\workdir\3_stream_media\source_codes\live.2016.11.28\vs2013_live555\livemedia\x64\debug\audiortpsink.obj
f:\workdir\3_stream_media\source_codes\live.2016.11.28\vs2013_live555\livemedia\x64\debug\avifilesink.obj
f:\workdir\3_stream_media\source_codes\live.2016.11.28\vs2013_live555\livemedia\x64\debug\base64.obj
f:\workdir\3_stream_media\source_codes\live.2016.11.28\vs2013_live555\livemedia\x64\debug\basicudpsink.obj
f:\workdir\3_stream_media\source_codes\live.2016.11.28\vs2013_live555\livemedia\x64\debug\basicudpsource.obj
f:\workdir\3_stream_media\source_codes\live.2016.11.28\vs2013_live555\livemedia\x64\debug\bitvector.obj
f:\workdir\3_stream_media\source_codes\live.2016.11.28\vs2013_live555\livemedia\x64\debug\bytestreamfilesource.obj
f:\workdir\3_stream_media\source_codes\live.2016.11.28\vs2013_live555\livemedia\x64\debug\bytestreammemorybuffersource.obj
f:\workdir\3_stream_media\source_codes\live.2016.11.28\vs2013_live555\livemedia\x64\debug\bytestreammultifilesource.obj
f:\workdir\3_stream_media\source_codes\live.2016.11.28\vs2013_live555\livemedia\x64\debug\devicesource.obj
f:\workdir\3_stream_media\source_codes\live.2016.11.28\vs2013_live555\livemedia\x64\debug\digestauthentication.obj
f:\workdir\3_stream_media\source_codes\live.2016.11.28\vs2013_live555\livemedia\x64\debug\dvvideofileservermediasubsession.obj
f:\workdir\3_stream_media\source_codes\live.2016.11.28\vs2013_live555\livemedia\x64\debug\dvvideortpsink.obj
f:\workdir\3_stream_media\source_codes\live.2016.11.28\vs2013_live555\livemedia\x64\debug\ac3audiofileservermediasubsession.obj
f:\workdir\3_stream_media\source_codes\live.2016.11.28\vs2013_live555\livemedia\x64\debug\ac3audiortpsink.obj
f:\workdir\3_stream_media\source_codes\live.2016.11.28\vs2013_live555\livemedia\x64\debug\ac3audiortpsource.obj
f:\workdir\3_stream_media\source_codes\live.2016.11.28\vs2013_live555\livemedia\x64\debug\ac3audiostreamframer.obj
f:\workdir\3_stream_media\source_codes\live.2016.11.28\vs2013_live555\livemedia\x64\debug\adtsaudiofileservermediasubsession.obj
f:\workdir\3_stream_media\source_codes\live.2016.11.28\vs2013_live555\livemedia\x64\debug\adtsaudiofilesource.obj
f:\workdir\3_stream_media\source_codes\live.2016.11.28\vs2013_live555\livemedia\x64\debug\rtcp_from_spec.obj
f:\workdir\3_stream_media\source_codes\live.2016.11.28\vs2013_live555\x64\debug\livemedia.lib
f:\workdir\3_stream_media\source_codes\live.2016.11.28\vs2013_live555\livemedia\x64\debug\livemedia.tlog\cl.command.1.tlog
f:\workdir\3_stream_media\source_codes\live.2016.11.28\vs2013_live555\livemedia\x64\debug\livemedia.tlog\cl.read.1.tlog
f:\workdir\3_stream_media\source_codes\live.2016.11.28\vs2013_live555\livemedia\x64\debug\livemedia.tlog\cl.write.1.tlog
f:\workdir\3_stream_media\source_codes\live.2016.11.28\vs2013_live555\livemedia\x64\debug\livemedia.tlog\lib-link.read.1.tlog
f:\workdir\3_stream_media\source_codes\live.2016.11.28\vs2013_live555\livemedia\x64\debug\livemedia.tlog\lib-link.write.1.tlog
f:\workdir\3_stream_media\source_codes\live.2016.11.28\vs2013_live555\livemedia\x64\debug\livemedia.tlog\lib.command.1.tlog
