生成启动时间为 2018/1/24 11:27:18。
     1>项目“D:\workdir\3_stream_media\live555\live.2017.10.28\live555_project\BasicUsageEnvironment\BasicUsageEnvironment.vcxproj”在节点 2 上(Rebuild 个目标)。
     1>ClCompile:
         C:\Program Files (x86)\Microsoft Visual Studio 12.0\VC\bin\CL.exe /c /I..\..\BasicUsageEnvironment\include /I..\..\groupsock\include /I..\..\liveMedia\include /I..\..\UsageEnvironment\include /ZI /nologo /W3 /WX- /Od /Oy- /D WIN32 /D DEBUG /D _DEBUG /D _LIB /D _UNICODE /D UNICODE /Gm /EHsc /RTC1 /MDd /GS /fp:precise /Zc:wchar_t /Zc:forScope /Fo"Debug\\" /Fd"Debug\vc120.pdb" /Gd /TP /analyze- /errorReport:prompt ..\..\BasicUsageEnvironment\BasicHashTable.cpp ..\..\BasicUsageEnvironment\BasicTaskScheduler.cpp ..\..\BasicUsageEnvironment\BasicTaskScheduler0.cpp ..\..\BasicUsageEnvironment\BasicUsageEnvironment.cpp ..\..\BasicUsageEnvironment\BasicUsageEnvironment0.cpp ..\..\BasicUsageEnvironment\DelayQueue.cpp
         DelayQueue.cpp
         BasicUsageEnvironment0.cpp
     1>d:\workdir\3_stream_media\live555\live.2017.10.28\basicusageenvironment\basicusageenvironment0.cpp(86): warning C4996: '_snprintf': This function or variable may be unsafe. Consider using _snprintf_s instead. To disable deprecation, use _CRT_SECURE_NO_WARNINGS. See online help for details.
                 c:\program files (x86)\microsoft visual studio 12.0\vc\include\stdio.h(346) : 参见“_snprintf”的声明
         BasicUsageEnvironment.cpp
         BasicTaskScheduler0.cpp
         BasicTaskScheduler.cpp
         BasicHashTable.cpp
         正在生成代码...
       Lib:
         C:\Program Files (x86)\Microsoft Visual Studio 12.0\VC\bin\Lib.exe /OUT:"D:\workdir\3_stream_media\live555\live.2017.10.28\live555_project\Debug\BasicUsageEnvironment.lib" /NOLOGO Debug\BasicHashTable.obj
         Debug\BasicTaskScheduler.obj
         Debug\BasicTaskScheduler0.obj
         Debug\BasicUsageEnvironment.obj
         Debug\BasicUsageEnvironment0.obj
         Debug\DelayQueue.obj
         BasicUsageEnvironment.vcxproj -> D:\workdir\3_stream_media\live555\live.2017.10.28\live555_project\Debug\BasicUsageEnvironment.lib
     1>已完成生成项目“D:\workdir\3_stream_media\live555\live.2017.10.28\live555_project\BasicUsageEnvironment\BasicUsageEnvironment.vcxproj”(Rebuild 个目标)的操作。

生成成功。

已用时间 00:00:08.23
