  WAVAudioFileSource.cpp
  WAVAudioFileServerMediaSubsession.cpp
  VP9VideoRTPSource.cpp
  VP9VideoRTPSink.cpp
  VP8VideoRTPSource.cpp
  VP8VideoRTPSink.cpp
  VorbisAudioRTPSource.cpp
  VorbisAudioRTPSink.cpp
  VideoRTPSink.cpp
  uLawAudioFilter.cpp
  TheoraVideoRTPSource.cpp
  TheoraVideoRTPSink.cpp
  TextRTPSink.cpp
  TCPStreamSink.cpp
  T140TextRTPSink.cpp
  StreamReplicator.cpp
  StreamParser.cpp
  SIPClient.cpp
  SimpleRTPSource.cpp
  SimpleRTPSink.cpp
  正在生成代码...
  正在编译...
  ServerMediaSession.cpp
  RTSPServerSupportingHTTPStreaming.cpp
  RTSPServerRegister.cpp
  RTSPServer.cpp
  RTSPRegisterSender.cpp
  RTSPCommon.cpp
  RTSPClient.cpp
  RTPSource.cpp
  RTPSink.cpp
  RTPInterface.cpp
  RTCP.cpp
  QuickTimeGenericRTPSource.cpp
  QuickTimeFileSink.cpp
  QCELPAudioRTPSource.cpp
  ProxyServerMediaSession.cpp
  PassiveServerMediaSubsession.cpp
  OutputFile.cpp
  ourMD5.cpp
  OnDemandServerMediaSubsession.cpp
  OggFileSink.cpp
d:\studydir\1_streammedia\live555\live.2017.10.28\livemedia\oggfilesink.cpp(228): warning C4334: “<<”: 32 位移位的结果被隐式转换为 64 位(是否希望进行 64 位移位?)
  正在生成代码...
  正在编译...
  OggFileServerMediaSubsession.cpp
  OggFileServerDemux.cpp
  OggFileParser.cpp
  OggFile.cpp
  OggDemuxedTrack.cpp
  MultiFramedRTPSource.cpp
  MultiFramedRTPSink.cpp
  MPEGVideoStreamParser.cpp
  MPEGVideoStreamFramer.cpp
  MPEG4VideoStreamFramer.cpp
  MPEG4VideoStreamDiscreteFramer.cpp
  MPEG4VideoFileServerMediaSubsession.cpp
  MPEG4LATMAudioRTPSource.cpp
  MPEG4LATMAudioRTPSink.cpp
  MPEG4GenericRTPSource.cpp
  MPEG4GenericRTPSink.cpp
  MPEG4ESVideoRTPSource.cpp
  MPEG4ESVideoRTPSink.cpp
  MPEG2TransportUDPServerMediaSubsession.cpp
  MPEG2TransportStreamTrickModeFilter.cpp
  正在生成代码...
  正在编译...
  MPEG2TransportStreamMultiplexor.cpp
  MPEG2TransportStreamIndexFile.cpp
  MPEG2TransportStreamFromPESSource.cpp
  MPEG2TransportStreamFromESSource.cpp
  MPEG2TransportStreamFramer.cpp
  MPEG2TransportStreamAccumulator.cpp
  MPEG2TransportFileServerMediaSubsession.cpp
  MPEG2IndexFromTransportStream.cpp
  MPEG1or2VideoStreamFramer.cpp
  MPEG1or2VideoStreamDiscreteFramer.cpp
  MPEG1or2VideoRTPSource.cpp
  MPEG1or2VideoRTPSink.cpp
  MPEG1or2VideoFileServerMediaSubsession.cpp
  MPEG1or2FileServerDemux.cpp
  MPEG1or2DemuxedServerMediaSubsession.cpp
  MPEG1or2DemuxedElementaryStream.cpp
  MPEG1or2Demux.cpp
  MPEG1or2AudioStreamFramer.cpp
  MPEG1or2AudioRTPSource.cpp
  MPEG1or2AudioRTPSink.cpp
  正在生成代码...
  正在编译...
  MP3Transcoder.cpp
  MP3StreamState.cpp
  MP3InternalsHuffmanTable.cpp
  MP3InternalsHuffman.cpp
  MP3Internals.cpp
  MP3FileSource.cpp
  MP3AudioMatroskaFileServerMediaSubsession.cpp
  MP3AudioFileServerMediaSubsession.cpp
  MP3ADUTranscoder.cpp
  MP3ADURTPSource.cpp
  MP3ADURTPSink.cpp
  MP3ADUinterleaving.cpp
  MP3ADUdescriptor.cpp
  MP3ADU.cpp
  MediaSource.cpp
  MediaSink.cpp
  MediaSession.cpp
  Media.cpp
  MatroskaFileServerMediaSubsession.cpp
  MatroskaFileServerDemux.cpp
  正在生成代码...
  正在编译...
  MatroskaFileParser.cpp
  MatroskaFile.cpp
  MatroskaDemuxedTrack.cpp
  Locale.cpp
  JPEGVideoSource.cpp
  JPEGVideoRTPSource.cpp
  JPEGVideoRTPSink.cpp
  InputFile.cpp
  H265VideoStreamFramer.cpp
  H265VideoStreamDiscreteFramer.cpp
  H265VideoRTPSource.cpp
  H265VideoRTPSink.cpp
  H265VideoFileSink.cpp
  H265VideoFileServerMediaSubsession.cpp
  H264VideoStreamFramer.cpp
  H264VideoStreamDiscreteFramer.cpp
  H264VideoRTPSource.cpp
  H264VideoRTPSink.cpp
  H264VideoFileSink.cpp
  H264VideoFileServerMediaSubsession.cpp
  正在生成代码...
  正在编译...
  H264or5VideoStreamFramer.cpp
d:\studydir\1_streammedia\live555\live.2017.10.28\livemedia\h264or5videostreamframer.cpp(670): warning C4018: “<”: 有符号/无符号不匹配
  H264or5VideoStreamDiscreteFramer.cpp
  H264or5VideoRTPSink.cpp
  H264or5VideoFileSink.cpp
  H263plusVideoStreamParser.cpp
  H263plusVideoStreamFramer.cpp
  H263plusVideoRTPSource.cpp
  H263plusVideoRTPSink.cpp
  H263plusVideoFileServerMediaSubsession.cpp
  H261VideoRTPSource.cpp
  GSMAudioRTPSink.cpp
  GenericMediaServer.cpp
  FramedSource.cpp
  FramedFilter.cpp
  FramedFileSource.cpp
  FileSink.cpp
  FileServerMediaSubsession.cpp
  EBMLNumber.cpp
  DVVideoStreamFramer.cpp
  DVVideoRTPSource.cpp
  正在生成代码...
  正在编译...
  DVVideoRTPSink.cpp
  DVVideoFileServerMediaSubsession.cpp
  DigestAuthentication.cpp
  DeviceSource.cpp
  ByteStreamMultiFileSource.cpp
  ByteStreamMemoryBufferSource.cpp
  ByteStreamFileSource.cpp
  BitVector.cpp
  BasicUDPSource.cpp
  BasicUDPSink.cpp
  Base64.cpp
  AVIFileSink.cpp
  AudioRTPSink.cpp
  AudioInputDevice.cpp
  AMRAudioSource.cpp
  AMRAudioRTPSource.cpp
  AMRAudioRTPSink.cpp
  AMRAudioFileSource.cpp
  AMRAudioFileSink.cpp
  AMRAudioFileServerMediaSubsession.cpp
  正在生成代码...
  正在编译...
  ADTSAudioFileSource.cpp
  ADTSAudioFileServerMediaSubsession.cpp
  AC3AudioStreamFramer.cpp
  AC3AudioRTPSource.cpp
  AC3AudioRTPSink.cpp
  AC3AudioFileServerMediaSubsession.cpp
  正在生成代码...
  rtcp_from_spec.c
  liveMedia.vcxproj -> D:\StudyDir\1_StreamMedia\live555\live.2017.10.28\Live555Project\Debug\liveMedia.lib
