d:\workdir\3_stream_media\live555\live.2017.10.28\live555_project\livemedia\debug\vc120.pdb
d:\workdir\3_stream_media\live555\live.2017.10.28\live555_project\livemedia\debug\vc120.idb
d:\workdir\3_stream_media\live555\live.2017.10.28\live555_project\livemedia\debug\simplertpsink.obj
d:\workdir\3_stream_media\live555\live.2017.10.28\live555_project\livemedia\debug\simplertpsource.obj
d:\workdir\3_stream_media\live555\live.2017.10.28\live555_project\livemedia\debug\sipclient.obj
d:\workdir\3_stream_media\live555\live.2017.10.28\live555_project\livemedia\debug\streamparser.obj
d:\workdir\3_stream_media\live555\live.2017.10.28\live555_project\livemedia\debug\streamreplicator.obj
d:\workdir\3_stream_media\live555\live.2017.10.28\live555_project\livemedia\debug\t140textrtpsink.obj
d:\workdir\3_stream_media\live555\live.2017.10.28\live555_project\livemedia\debug\tcpstreamsink.obj
d:\workdir\3_stream_media\live555\live.2017.10.28\live555_project\livemedia\debug\textrtpsink.obj
d:\workdir\3_stream_media\live555\live.2017.10.28\live555_project\livemedia\debug\theoravideortpsink.obj
d:\workdir\3_stream_media\live555\live.2017.10.28\live555_project\livemedia\debug\theoravideortpsource.obj
d:\workdir\3_stream_media\live555\live.2017.10.28\live555_project\livemedia\debug\ulawaudiofilter.obj
d:\workdir\3_stream_media\live555\live.2017.10.28\live555_project\livemedia\debug\videortpsink.obj
d:\workdir\3_stream_media\live555\live.2017.10.28\live555_project\livemedia\debug\vorbisaudiortpsink.obj
d:\workdir\3_stream_media\live555\live.2017.10.28\live555_project\livemedia\debug\vorbisaudiortpsource.obj
d:\workdir\3_stream_media\live555\live.2017.10.28\live555_project\livemedia\debug\vp8videortpsink.obj
d:\workdir\3_stream_media\live555\live.2017.10.28\live555_project\livemedia\debug\vp8videortpsource.obj
d:\workdir\3_stream_media\live555\live.2017.10.28\live555_project\livemedia\debug\vp9videortpsink.obj
d:\workdir\3_stream_media\live555\live.2017.10.28\live555_project\livemedia\debug\vp9videortpsource.obj
d:\workdir\3_stream_media\live555\live.2017.10.28\live555_project\livemedia\debug\wavaudiofileservermediasubsession.obj
d:\workdir\3_stream_media\live555\live.2017.10.28\live555_project\livemedia\debug\wavaudiofilesource.obj
d:\workdir\3_stream_media\live555\live.2017.10.28\live555_project\livemedia\debug\oggfilesink.obj
d:\workdir\3_stream_media\live555\live.2017.10.28\live555_project\livemedia\debug\ondemandservermediasubsession.obj
d:\workdir\3_stream_media\live555\live.2017.10.28\live555_project\livemedia\debug\ourmd5.obj
d:\workdir\3_stream_media\live555\live.2017.10.28\live555_project\livemedia\debug\outputfile.obj
d:\workdir\3_stream_media\live555\live.2017.10.28\live555_project\livemedia\debug\passiveservermediasubsession.obj
d:\workdir\3_stream_media\live555\live.2017.10.28\live555_project\livemedia\debug\proxyservermediasession.obj
d:\workdir\3_stream_media\live555\live.2017.10.28\live555_project\livemedia\debug\qcelpaudiortpsource.obj
d:\workdir\3_stream_media\live555\live.2017.10.28\live555_project\livemedia\debug\quicktimefilesink.obj
d:\workdir\3_stream_media\live555\live.2017.10.28\live555_project\livemedia\debug\quicktimegenericrtpsource.obj
d:\workdir\3_stream_media\live555\live.2017.10.28\live555_project\livemedia\debug\rtcp.obj
d:\workdir\3_stream_media\live555\live.2017.10.28\live555_project\livemedia\debug\rtpinterface.obj
d:\workdir\3_stream_media\live555\live.2017.10.28\live555_project\livemedia\debug\rtpsink.obj
d:\workdir\3_stream_media\live555\live.2017.10.28\live555_project\livemedia\debug\rtpsource.obj
d:\workdir\3_stream_media\live555\live.2017.10.28\live555_project\livemedia\debug\rtspclient.obj
d:\workdir\3_stream_media\live555\live.2017.10.28\live555_project\livemedia\debug\rtspcommon.obj
d:\workdir\3_stream_media\live555\live.2017.10.28\live555_project\livemedia\debug\rtspregistersender.obj
d:\workdir\3_stream_media\live555\live.2017.10.28\live555_project\livemedia\debug\rtspserver.obj
d:\workdir\3_stream_media\live555\live.2017.10.28\live555_project\livemedia\debug\rtspserverregister.obj
d:\workdir\3_stream_media\live555\live.2017.10.28\live555_project\livemedia\debug\rtspserversupportinghttpstreaming.obj
d:\workdir\3_stream_media\live555\live.2017.10.28\live555_project\livemedia\debug\servermediasession.obj
d:\workdir\3_stream_media\live555\live.2017.10.28\live555_project\livemedia\debug\mpeg2transportstreamtrickmodefilter.obj
d:\workdir\3_stream_media\live555\live.2017.10.28\live555_project\livemedia\debug\mpeg2transportudpservermediasubsession.obj
d:\workdir\3_stream_media\live555\live.2017.10.28\live555_project\livemedia\debug\mpeg4esvideortpsink.obj
d:\workdir\3_stream_media\live555\live.2017.10.28\live555_project\livemedia\debug\mpeg4esvideortpsource.obj
d:\workdir\3_stream_media\live555\live.2017.10.28\live555_project\livemedia\debug\mpeg4genericrtpsink.obj
d:\workdir\3_stream_media\live555\live.2017.10.28\live555_project\livemedia\debug\mpeg4genericrtpsource.obj
d:\workdir\3_stream_media\live555\live.2017.10.28\live555_project\livemedia\debug\mpeg4latmaudiortpsink.obj
d:\workdir\3_stream_media\live555\live.2017.10.28\live555_project\livemedia\debug\mpeg4latmaudiortpsource.obj
d:\workdir\3_stream_media\live555\live.2017.10.28\live555_project\livemedia\debug\mpeg4videofileservermediasubsession.obj
d:\workdir\3_stream_media\live555\live.2017.10.28\live555_project\livemedia\debug\mpeg4videostreamdiscreteframer.obj
d:\workdir\3_stream_media\live555\live.2017.10.28\live555_project\livemedia\debug\mpeg4videostreamframer.obj
d:\workdir\3_stream_media\live555\live.2017.10.28\live555_project\livemedia\debug\mpegvideostreamframer.obj
d:\workdir\3_stream_media\live555\live.2017.10.28\live555_project\livemedia\debug\mpegvideostreamparser.obj
d:\workdir\3_stream_media\live555\live.2017.10.28\live555_project\livemedia\debug\multiframedrtpsink.obj
d:\workdir\3_stream_media\live555\live.2017.10.28\live555_project\livemedia\debug\multiframedrtpsource.obj
d:\workdir\3_stream_media\live555\live.2017.10.28\live555_project\livemedia\debug\oggdemuxedtrack.obj
d:\workdir\3_stream_media\live555\live.2017.10.28\live555_project\livemedia\debug\oggfile.obj
d:\workdir\3_stream_media\live555\live.2017.10.28\live555_project\livemedia\debug\oggfileparser.obj
d:\workdir\3_stream_media\live555\live.2017.10.28\live555_project\livemedia\debug\oggfileserverdemux.obj
d:\workdir\3_stream_media\live555\live.2017.10.28\live555_project\livemedia\debug\oggfileservermediasubsession.obj
d:\workdir\3_stream_media\live555\live.2017.10.28\live555_project\livemedia\debug\mpeg1or2audiortpsink.obj
d:\workdir\3_stream_media\live555\live.2017.10.28\live555_project\livemedia\debug\mpeg1or2audiortpsource.obj
d:\workdir\3_stream_media\live555\live.2017.10.28\live555_project\livemedia\debug\mpeg1or2audiostreamframer.obj
d:\workdir\3_stream_media\live555\live.2017.10.28\live555_project\livemedia\debug\mpeg1or2demux.obj
d:\workdir\3_stream_media\live555\live.2017.10.28\live555_project\livemedia\debug\mpeg1or2demuxedelementarystream.obj
d:\workdir\3_stream_media\live555\live.2017.10.28\live555_project\livemedia\debug\mpeg1or2demuxedservermediasubsession.obj
d:\workdir\3_stream_media\live555\live.2017.10.28\live555_project\livemedia\debug\mpeg1or2fileserverdemux.obj
d:\workdir\3_stream_media\live555\live.2017.10.28\live555_project\livemedia\debug\mpeg1or2videofileservermediasubsession.obj
d:\workdir\3_stream_media\live555\live.2017.10.28\live555_project\livemedia\debug\mpeg1or2videortpsink.obj
d:\workdir\3_stream_media\live555\live.2017.10.28\live555_project\livemedia\debug\mpeg1or2videortpsource.obj
d:\workdir\3_stream_media\live555\live.2017.10.28\live555_project\livemedia\debug\mpeg1or2videostreamdiscreteframer.obj
d:\workdir\3_stream_media\live555\live.2017.10.28\live555_project\livemedia\debug\mpeg1or2videostreamframer.obj
d:\workdir\3_stream_media\live555\live.2017.10.28\live555_project\livemedia\debug\mpeg2indexfromtransportstream.obj
d:\workdir\3_stream_media\live555\live.2017.10.28\live555_project\livemedia\debug\mpeg2transportfileservermediasubsession.obj
d:\workdir\3_stream_media\live555\live.2017.10.28\live555_project\livemedia\debug\mpeg2transportstreamaccumulator.obj
d:\workdir\3_stream_media\live555\live.2017.10.28\live555_project\livemedia\debug\mpeg2transportstreamframer.obj
d:\workdir\3_stream_media\live555\live.2017.10.28\live555_project\livemedia\debug\mpeg2transportstreamfromessource.obj
d:\workdir\3_stream_media\live555\live.2017.10.28\live555_project\livemedia\debug\mpeg2transportstreamfrompessource.obj
d:\workdir\3_stream_media\live555\live.2017.10.28\live555_project\livemedia\debug\mpeg2transportstreamindexfile.obj
d:\workdir\3_stream_media\live555\live.2017.10.28\live555_project\livemedia\debug\mpeg2transportstreammultiplexor.obj
d:\workdir\3_stream_media\live555\live.2017.10.28\live555_project\livemedia\debug\matroskafileserverdemux.obj
d:\workdir\3_stream_media\live555\live.2017.10.28\live555_project\livemedia\debug\matroskafileservermediasubsession.obj
d:\workdir\3_stream_media\live555\live.2017.10.28\live555_project\livemedia\debug\media.obj
d:\workdir\3_stream_media\live555\live.2017.10.28\live555_project\livemedia\debug\mediasession.obj
d:\workdir\3_stream_media\live555\live.2017.10.28\live555_project\livemedia\debug\mediasink.obj
d:\workdir\3_stream_media\live555\live.2017.10.28\live555_project\livemedia\debug\mediasource.obj
d:\workdir\3_stream_media\live555\live.2017.10.28\live555_project\livemedia\debug\mp3adu.obj
d:\workdir\3_stream_media\live555\live.2017.10.28\live555_project\livemedia\debug\mp3adudescriptor.obj
d:\workdir\3_stream_media\live555\live.2017.10.28\live555_project\livemedia\debug\mp3aduinterleaving.obj
d:\workdir\3_stream_media\live555\live.2017.10.28\live555_project\livemedia\debug\mp3adurtpsink.obj
d:\workdir\3_stream_media\live555\live.2017.10.28\live555_project\livemedia\debug\mp3adurtpsource.obj
d:\workdir\3_stream_media\live555\live.2017.10.28\live555_project\livemedia\debug\mp3adutranscoder.obj
d:\workdir\3_stream_media\live555\live.2017.10.28\live555_project\livemedia\debug\mp3audiofileservermediasubsession.obj
d:\workdir\3_stream_media\live555\live.2017.10.28\live555_project\livemedia\debug\mp3audiomatroskafileservermediasubsession.obj
d:\workdir\3_stream_media\live555\live.2017.10.28\live555_project\livemedia\debug\mp3filesource.obj
d:\workdir\3_stream_media\live555\live.2017.10.28\live555_project\livemedia\debug\mp3internals.obj
d:\workdir\3_stream_media\live555\live.2017.10.28\live555_project\livemedia\debug\mp3internalshuffman.obj
d:\workdir\3_stream_media\live555\live.2017.10.28\live555_project\livemedia\debug\mp3internalshuffmantable.obj
d:\workdir\3_stream_media\live555\live.2017.10.28\live555_project\livemedia\debug\mp3streamstate.obj
d:\workdir\3_stream_media\live555\live.2017.10.28\live555_project\livemedia\debug\mp3transcoder.obj
d:\workdir\3_stream_media\live555\live.2017.10.28\live555_project\livemedia\debug\h264videofileservermediasubsession.obj
d:\workdir\3_stream_media\live555\live.2017.10.28\live555_project\livemedia\debug\h264videofilesink.obj
d:\workdir\3_stream_media\live555\live.2017.10.28\live555_project\livemedia\debug\h264videortpsink.obj
d:\workdir\3_stream_media\live555\live.2017.10.28\live555_project\livemedia\debug\h264videortpsource.obj
d:\workdir\3_stream_media\live555\live.2017.10.28\live555_project\livemedia\debug\h264videostreamdiscreteframer.obj
d:\workdir\3_stream_media\live555\live.2017.10.28\live555_project\livemedia\debug\h264videostreamframer.obj
d:\workdir\3_stream_media\live555\live.2017.10.28\live555_project\livemedia\debug\h265videofileservermediasubsession.obj
d:\workdir\3_stream_media\live555\live.2017.10.28\live555_project\livemedia\debug\h265videofilesink.obj
d:\workdir\3_stream_media\live555\live.2017.10.28\live555_project\livemedia\debug\h265videortpsink.obj
d:\workdir\3_stream_media\live555\live.2017.10.28\live555_project\livemedia\debug\h265videortpsource.obj
d:\workdir\3_stream_media\live555\live.2017.10.28\live555_project\livemedia\debug\h265videostreamdiscreteframer.obj
d:\workdir\3_stream_media\live555\live.2017.10.28\live555_project\livemedia\debug\h265videostreamframer.obj
d:\workdir\3_stream_media\live555\live.2017.10.28\live555_project\livemedia\debug\inputfile.obj
d:\workdir\3_stream_media\live555\live.2017.10.28\live555_project\livemedia\debug\jpegvideortpsink.obj
d:\workdir\3_stream_media\live555\live.2017.10.28\live555_project\livemedia\debug\jpegvideortpsource.obj
d:\workdir\3_stream_media\live555\live.2017.10.28\live555_project\livemedia\debug\jpegvideosource.obj
d:\workdir\3_stream_media\live555\live.2017.10.28\live555_project\livemedia\debug\locale.obj
d:\workdir\3_stream_media\live555\live.2017.10.28\live555_project\livemedia\debug\matroskademuxedtrack.obj
d:\workdir\3_stream_media\live555\live.2017.10.28\live555_project\livemedia\debug\matroskafile.obj
d:\workdir\3_stream_media\live555\live.2017.10.28\live555_project\livemedia\debug\matroskafileparser.obj
d:\workdir\3_stream_media\live555\live.2017.10.28\live555_project\livemedia\debug\dvvideortpsource.obj
d:\workdir\3_stream_media\live555\live.2017.10.28\live555_project\livemedia\debug\dvvideostreamframer.obj
d:\workdir\3_stream_media\live555\live.2017.10.28\live555_project\livemedia\debug\ebmlnumber.obj
d:\workdir\3_stream_media\live555\live.2017.10.28\live555_project\livemedia\debug\fileservermediasubsession.obj
d:\workdir\3_stream_media\live555\live.2017.10.28\live555_project\livemedia\debug\filesink.obj
d:\workdir\3_stream_media\live555\live.2017.10.28\live555_project\livemedia\debug\framedfilesource.obj
d:\workdir\3_stream_media\live555\live.2017.10.28\live555_project\livemedia\debug\framedfilter.obj
d:\workdir\3_stream_media\live555\live.2017.10.28\live555_project\livemedia\debug\framedsource.obj
d:\workdir\3_stream_media\live555\live.2017.10.28\live555_project\livemedia\debug\genericmediaserver.obj
d:\workdir\3_stream_media\live555\live.2017.10.28\live555_project\livemedia\debug\gsmaudiortpsink.obj
d:\workdir\3_stream_media\live555\live.2017.10.28\live555_project\livemedia\debug\h261videortpsource.obj
d:\workdir\3_stream_media\live555\live.2017.10.28\live555_project\livemedia\debug\h263plusvideofileservermediasubsession.obj
d:\workdir\3_stream_media\live555\live.2017.10.28\live555_project\livemedia\debug\h263plusvideortpsink.obj
d:\workdir\3_stream_media\live555\live.2017.10.28\live555_project\livemedia\debug\h263plusvideortpsource.obj
d:\workdir\3_stream_media\live555\live.2017.10.28\live555_project\livemedia\debug\h263plusvideostreamframer.obj
d:\workdir\3_stream_media\live555\live.2017.10.28\live555_project\livemedia\debug\h263plusvideostreamparser.obj
d:\workdir\3_stream_media\live555\live.2017.10.28\live555_project\livemedia\debug\h264or5videofilesink.obj
d:\workdir\3_stream_media\live555\live.2017.10.28\live555_project\livemedia\debug\h264or5videortpsink.obj
d:\workdir\3_stream_media\live555\live.2017.10.28\live555_project\livemedia\debug\h264or5videostreamdiscreteframer.obj
d:\workdir\3_stream_media\live555\live.2017.10.28\live555_project\livemedia\debug\h264or5videostreamframer.obj
d:\workdir\3_stream_media\live555\live.2017.10.28\live555_project\livemedia\debug\amraudiofileservermediasubsession.obj
d:\workdir\3_stream_media\live555\live.2017.10.28\live555_project\livemedia\debug\amraudiofilesink.obj
d:\workdir\3_stream_media\live555\live.2017.10.28\live555_project\livemedia\debug\amraudiofilesource.obj
d:\workdir\3_stream_media\live555\live.2017.10.28\live555_project\livemedia\debug\amraudiortpsink.obj
d:\workdir\3_stream_media\live555\live.2017.10.28\live555_project\livemedia\debug\amraudiortpsource.obj
d:\workdir\3_stream_media\live555\live.2017.10.28\live555_project\livemedia\debug\amraudiosource.obj
d:\workdir\3_stream_media\live555\live.2017.10.28\live555_project\livemedia\debug\audioinputdevice.obj
d:\workdir\3_stream_media\live555\live.2017.10.28\live555_project\livemedia\debug\audiortpsink.obj
d:\workdir\3_stream_media\live555\live.2017.10.28\live555_project\livemedia\debug\avifilesink.obj
d:\workdir\3_stream_media\live555\live.2017.10.28\live555_project\livemedia\debug\base64.obj
d:\workdir\3_stream_media\live555\live.2017.10.28\live555_project\livemedia\debug\basicudpsink.obj
d:\workdir\3_stream_media\live555\live.2017.10.28\live555_project\livemedia\debug\basicudpsource.obj
d:\workdir\3_stream_media\live555\live.2017.10.28\live555_project\livemedia\debug\bitvector.obj
d:\workdir\3_stream_media\live555\live.2017.10.28\live555_project\livemedia\debug\bytestreamfilesource.obj
d:\workdir\3_stream_media\live555\live.2017.10.28\live555_project\livemedia\debug\bytestreammemorybuffersource.obj
d:\workdir\3_stream_media\live555\live.2017.10.28\live555_project\livemedia\debug\bytestreammultifilesource.obj
d:\workdir\3_stream_media\live555\live.2017.10.28\live555_project\livemedia\debug\devicesource.obj
d:\workdir\3_stream_media\live555\live.2017.10.28\live555_project\livemedia\debug\digestauthentication.obj
d:\workdir\3_stream_media\live555\live.2017.10.28\live555_project\livemedia\debug\dvvideofileservermediasubsession.obj
d:\workdir\3_stream_media\live555\live.2017.10.28\live555_project\livemedia\debug\dvvideortpsink.obj
d:\workdir\3_stream_media\live555\live.2017.10.28\live555_project\livemedia\debug\ac3audiofileservermediasubsession.obj
d:\workdir\3_stream_media\live555\live.2017.10.28\live555_project\livemedia\debug\ac3audiortpsink.obj
d:\workdir\3_stream_media\live555\live.2017.10.28\live555_project\livemedia\debug\ac3audiortpsource.obj
d:\workdir\3_stream_media\live555\live.2017.10.28\live555_project\livemedia\debug\ac3audiostreamframer.obj
d:\workdir\3_stream_media\live555\live.2017.10.28\live555_project\livemedia\debug\adtsaudiofileservermediasubsession.obj
d:\workdir\3_stream_media\live555\live.2017.10.28\live555_project\livemedia\debug\adtsaudiofilesource.obj
d:\workdir\3_stream_media\live555\live.2017.10.28\live555_project\livemedia\debug\rtcp_from_spec.obj
d:\workdir\3_stream_media\live555\live.2017.10.28\live555_project\debug\livemedia.lib
d:\workdir\3_stream_media\live555\live.2017.10.28\live555_project\livemedia\debug\livemedia.tlog\cl.command.1.tlog
d:\workdir\3_stream_media\live555\live.2017.10.28\live555_project\livemedia\debug\livemedia.tlog\cl.read.1.tlog
d:\workdir\3_stream_media\live555\live.2017.10.28\live555_project\livemedia\debug\livemedia.tlog\cl.write.1.tlog
d:\workdir\3_stream_media\live555\live.2017.10.28\live555_project\livemedia\debug\livemedia.tlog\lib-link.read.1.tlog
d:\workdir\3_stream_media\live555\live.2017.10.28\live555_project\livemedia\debug\livemedia.tlog\lib-link.write.1.tlog
d:\workdir\3_stream_media\live555\live.2017.10.28\live555_project\livemedia\debug\livemedia.tlog\lib.command.1.tlog
