生成启动时间为 2017/11/25 16:15:02。
     1>项目“D:\workdir\3_stream_media\live555\live.2017.10.28\live555_project\groupsock\groupsock.vcxproj”在节点 3 上(Build 个目标)。
     1>ClCompile:
         C:\Program Files (x86)\Microsoft Visual Studio 12.0\VC\bin\x86_amd64\CL.exe /c /I..\..\BasicUsageEnvironment\include /I..\..\groupsock\include /I..\..\liveMedia\include /I..\..\UsageEnvironment\include /Zi /nologo /W3 /WX- /Od /D WIN32 /D DEBUG /D _DEBUG /D _LIB /D _UNICODE /D UNICODE /Gm /EHsc /RTC1 /MDd /GS /fp:precise /Zc:wchar_t /Zc:forScope /Fo"x64\Debug\\" /Fd"x64\Debug\vc120.pdb" /Gd /TP /errorReport:prompt ..\..\groupsock\GroupEId.cpp ..\..\groupsock\Groupsock.cpp ..\..\groupsock\GroupsockHelper.cpp ..\..\groupsock\IOHandlers.cpp ..\..\groupsock\NetAddress.cpp ..\..\groupsock\NetInterface.cpp
         NetInterface.cpp
         NetAddress.cpp
     1>..\..\groupsock\NetAddress.cpp(108): warning C4996: 'gethostbyname': Use getaddrinfo() or GetAddrInfoW() instead or define _WINSOCK_DEPRECATED_NO_WARNINGS to disable deprecated API warnings
                 C:\Program Files (x86)\Windows Kits\8.1\Include\um\winsock2.h(2238) : 参见“gethostbyname”的声明
     1>..\..\groupsock\NetAddress.cpp(307): warning C4996: 'sprintf': This function or variable may be unsafe. Consider using sprintf_s instead. To disable deprecation, use _CRT_SECURE_NO_WARNINGS. See online help for details.
                 C:\Program Files (x86)\Microsoft Visual Studio 12.0\VC\include\stdio.h(356) : 参见“sprintf”的声明
         IOHandlers.cpp
         GroupsockHelper.cpp
     1>..\..\groupsock\GroupsockHelper.cpp(89): warning C4244: “=”: 从“SOCKET”转换到“int”，可能丢失数据
     1>..\..\groupsock\GroupsockHelper.cpp(151): warning C4996: 'sprintf': This function or variable may be unsafe. Consider using sprintf_s instead. To disable deprecation, use _CRT_SECURE_NO_WARNINGS. See online help for details.
                 C:\Program Files (x86)\Microsoft Visual Studio 12.0\VC\include\stdio.h(356) : 参见“sprintf”的声明
     1>..\..\groupsock\GroupsockHelper.cpp(269): warning C4996: 'sprintf': This function or variable may be unsafe. Consider using sprintf_s instead. To disable deprecation, use _CRT_SECURE_NO_WARNINGS. See online help for details.
                 C:\Program Files (x86)\Microsoft Visual Studio 12.0\VC\include\stdio.h(356) : 参见“sprintf”的声明
     1>..\..\groupsock\GroupsockHelper.cpp(355): warning C4996: 'sprintf': This function or variable may be unsafe. Consider using sprintf_s instead. To disable deprecation, use _CRT_SECURE_NO_WARNINGS. See online help for details.
                 C:\Program Files (x86)\Microsoft Visual Studio 12.0\VC\include\stdio.h(356) : 参见“sprintf”的声明
     1>..\..\groupsock\GroupsockHelper.cpp(702): warning C4996: 'sprintf': This function or variable may be unsafe. Consider using sprintf_s instead. To disable deprecation, use _CRT_SECURE_NO_WARNINGS. See online help for details.
                 C:\Program Files (x86)\Microsoft Visual Studio 12.0\VC\include\stdio.h(356) : 参见“sprintf”的声明
     1>..\..\groupsock\GroupsockHelper.cpp(739): warning C4996: 'ctime': This function or variable may be unsafe. Consider using ctime_s instead. To disable deprecation, use _CRT_SECURE_NO_WARNINGS. See online help for details.
                 C:\Program Files (x86)\Microsoft Visual Studio 12.0\VC\include\time.inl(86) : 参见“ctime”的声明
     1>..\..\groupsock\GroupsockHelper.cpp(741): warning C4996: 'sprintf': This function or variable may be unsafe. Consider using sprintf_s instead. To disable deprecation, use _CRT_SECURE_NO_WARNINGS. See online help for details.
                 C:\Program Files (x86)\Microsoft Visual Studio 12.0\VC\include\stdio.h(356) : 参见“sprintf”的声明
     1>..\..\groupsock\GroupsockHelper.cpp(791): warning C4244: “=”: 从“time_t”转换到“long”，可能丢失数据
         Groupsock.cpp
     1>..\..\groupsock\Groupsock.cpp(545): warning C4996: 'sprintf': This function or variable may be unsafe. Consider using sprintf_s instead. To disable deprecation, use _CRT_SECURE_NO_WARNINGS. See online help for details.
                 C:\Program Files (x86)\Microsoft Visual Studio 12.0\VC\include\stdio.h(356) : 参见“sprintf”的声明
     1>..\..\groupsock\Groupsock.cpp(557): warning C4996: 'sprintf': This function or variable may be unsafe. Consider using sprintf_s instead. To disable deprecation, use _CRT_SECURE_NO_WARNINGS. See online help for details.
                 C:\Program Files (x86)\Microsoft Visual Studio 12.0\VC\include\stdio.h(356) : 参见“sprintf”的声明
         GroupEId.cpp
         正在生成代码...
         C:\Program Files (x86)\Microsoft Visual Studio 12.0\VC\bin\x86_amd64\CL.exe /c /I..\..\BasicUsageEnvironment\include /I..\..\groupsock\include /I..\..\liveMedia\include /I..\..\UsageEnvironment\include /Zi /nologo /W3 /WX- /Od /D WIN32 /D DEBUG /D _DEBUG /D _LIB /D _UNICODE /D UNICODE /Gm /EHsc /RTC1 /MDd /GS /fp:precise /Zc:wchar_t /Zc:forScope /Fo"x64\Debug\\" /Fd"x64\Debug\vc120.pdb" /Gd /TC /errorReport:prompt ..\..\groupsock\inet.c
         inet.c
     1>..\..\groupsock\inet.c(18): warning C4996: 'inet_addr': Use inet_pton() or InetPton() instead or define _WINSOCK_DEPRECATED_NO_WARNINGS to disable deprecated API warnings
                 C:\Program Files (x86)\Windows Kits\8.1\Include\um\winsock2.h(1850) : 参见“inet_addr”的声明
     1>..\..\groupsock\inet.c(278): warning C4244: “=”: 从“__int64”转换到“long”，可能丢失数据
     1>..\..\groupsock\inet.c(313): warning C4244: “=”: 从“__int64”转换到“long”，可能丢失数据
     1>..\..\groupsock\inet.c(344): warning C4244: “=”: 从“__int64”转换到“long”，可能丢失数据
       Lib:
         C:\Program Files (x86)\Microsoft Visual Studio 12.0\VC\bin\x86_amd64\Lib.exe /OUT:"D:\workdir\3_stream_media\live555\live.2017.10.28\live555_project\x64\Debug\groupsock.lib" /NOLOGO /MACHINE:X64 x64\Debug\GroupEId.obj
         x64\Debug\Groupsock.obj
         x64\Debug\GroupsockHelper.obj
         x64\Debug\inet.obj
         x64\Debug\IOHandlers.obj
         x64\Debug\NetAddress.obj
         x64\Debug\NetInterface.obj
         groupsock.vcxproj -> D:\workdir\3_stream_media\live555\live.2017.10.28\live555_project\x64\Debug\groupsock.lib
     1>已完成生成项目“D:\workdir\3_stream_media\live555\live.2017.10.28\live555_project\groupsock\groupsock.vcxproj”(Build 个目标)的操作。

生成成功。

已用时间 00:00:10.94
